<?xml version="1.0" encoding="UTF-8" ?>
<testsuite errors="0" failures="0" hostname="Felipe-Netbook" name="br.uniriotec.orion.control.ForteInputGeneratorTest" tests="8" time="12.964" timestamp="2011-08-04T21:18:33">
  <properties>
    <property name="libs.jsp-compiler.javadoc" value="" />
    <property name="netbeans.autoupdate.country" value="BR" />
    <property name="libs.Jena-2.6.4.javadoc" value="C:\Users\Felipe\Documents\UNIRIO\Bibliotecas Java\Jena-2.6.4\jena-2.6.4-javadoc.jar" />
    <property name="javac.test.classpath" value="C:\Users\Felipe\Documents\UNIRIO\Bibliotecas Java\Jena-2.6.4\lib\arq-2.8.7.jar;C:\Users\Felipe\Documents\UNIRIO\Bibliotecas Java\Jena-2.6.4\lib\icu4j-3.4.4.jar;C:\Users\Felipe\Documents\UNIRIO\Bibliotecas Java\Jena-2.6.4\lib\iri-0.8.jar;C:\Users\Felipe\Documents\UNIRIO\Bibliotecas Java\Jena-2.6.4\lib\jena-2.6.4-tests.jar;C:\Users\Felipe\Documents\UNIRIO\Bibliotecas Java\Jena-2.6.4\lib\jena-2.6.4.jar;C:\Users\Felipe\Documents\UNIRIO\Bibliotecas Java\Jena-2.6.4\lib\junit-4.5.jar;C:\Users\Felipe\Documents\UNIRIO\Bibliotecas Java\Jena-2.6.4\lib\log4j-1.2.13.jar;C:\Users\Felipe\Documents\UNIRIO\Bibliotecas Java\Jena-2.6.4\lib\lucene-core-2.3.1.jar;C:\Users\Felipe\Documents\UNIRIO\Bibliotecas Java\Jena-2.6.4\lib\slf4j-api-1.5.8.jar;C:\Users\Felipe\Documents\UNIRIO\Bibliotecas Java\Jena-2.6.4\lib\slf4j-log4j12-1.5.8.jar;C:\Users\Felipe\Documents\UNIRIO\Bibliotecas Java\Jena-2.6.4\lib\stax-api-1.0.1.jar;C:\Users\Felipe\Documents\UNIRIO\Bibliotecas Java\Jena-2.6.4\lib\wstx-asl-3.2.9.jar;C:\Users\Felipe\Documents\UNIRIO\Bibliotecas Java\Jena-2.6.4\lib\xercesImpl-2.7.1.jar:build/classes:C:\Program Files\NetBeans 6.9.1\platform\modules\ext\junit-4.5.jar" />
    <property name="libs.jsf20.maven-pom" value="" />
    <property name="libs.DataBindingME.src" value="" />
    <property name="libs.j2me_ant_ext.javadoc" value="" />
    <property name="libs.proguard.javadoc" value="" />
    <property name="libs.junit.javadoc" value="C:\Program Files\NetBeans 6.9.1\java\docs\junit-3.8.2-api.zip" />
    <property name="libs.nsicom-ant-utils.src" value="" />
    <property name="libs.nokiaS80-ant-utils.javadoc" value="" />
    <property name="ant.core.lib" value="C:\Program Files\NetBeans 6.9.1\java\ant\lib\ant.jar" />
    <property name="libs.swing-app-framework.src" value="" />
    <property name="libs.jakarta_slide_ant_webdav.javadoc" value="" />
    <property name="javadoc.windowtitle" value="" />
    <property name="libs.toplink.classpath" value="C:\Program Files\NetBeans 6.9.1\java\modules\ext\toplink\toplink-essentials.jar;C:\Program Files\NetBeans 6.9.1\java\modules\ext\toplink\toplink-essentials-agent.jar" />
    <property name="libs.jsp-compilation.javadoc" value="" />
    <property name="user.dir" value="C:\Users\Felipe\Documents\UNIRIO\IC\Orion\Orion" />
    <property name="libs.hibernate-persistence.javadoc" value="" />
    <property name="libs.JMUnit4CLDC10.javadoc" value="C:\Program Files\NetBeans 6.9.1\mobility\modules\docs\jmunit-1.2.1-api.zip" />
    <property name="java.vm.version" value="19.0-b09" />
    <property name="libs.DataBindingME.classpath" value="C:\Program Files\NetBeans 6.9.1\mobility\modules\ext\netbeans_databindingme.jar" />
    <property name="libs.jstl11.maven-pom" value="" />
    <property name="libs.Java-EE-GlassFish-v3.wsimport" value="" />
    <property name="libs.nsicom-ant-utils.classpath" value="C:\Program Files\NetBeans 6.9.1\mobility\ant\nblib\org-netbeans-modules-j2me-cdc-project-nsicom.jar" />
    <property name="libs.MySQLDriver.classpath" value="C:\Program Files\NetBeans 6.9.1\ide\modules\ext\mysql-connector-java-5.1.6-bin.jar" />
    <property name="libs.jstl11.src" value="" />
    <property name="javadoc.notree" value="false" />
    <property name="netbeans.autoupdate.version" value="1.23" />
    <property name="libs.EclipseLink-GlassFish-v3.classpath" value="C:\Program Files\glassfish-3.0.1\glassfish\modules\org.eclipse.persistence.antlr.jar;C:\Program Files\glassfish-3.0.1\glassfish\modules\org.eclipse.persistence.asm.jar;C:\Program Files\glassfish-3.0.1\glassfish\modules\org.eclipse.persistence.core.jar;C:\Program Files\glassfish-3.0.1\glassfish\modules\org.eclipse.persistence.jpa.jar;C:\Program Files\glassfish-3.0.1\glassfish\modules\org.eclipse.persistence.jpa.modelgen.jar;C:\Program Files\glassfish-3.0.1\glassfish\modules\org.eclipse.persistence.oracle.jar;C:\Program Files\glassfish-3.0.1\glassfish\modules\javax.persistence.jar" />
    <property name="libs.javaee-web-api-6.0.classpath" value="C:\Program Files\NetBeans 6.9.1\enterprise\modules\ext\javaee-web-api-6.0.jar" />
    <property name="libs.DataBindingME-PIM.maven-pom" value="" />
    <property name="libs.hibernate-support.maven-pom" value="" />
    <property name="libs.hibernate-support.javadoc" value="" />
    <property name="libs.NetBeans MIDP Components.maven-pom" value="" />
    <property name="jdk.home" value="C:\Program Files\Java\jdk1.6.0_23" />
    <property name="libs.javac-api.src" value="" />
    <property name="javadoc.noindex" value="false" />
    <property name="sun.os.patch.level" value="Service Pack 1" />
    <property name="libs.Spring-3.0.5.maven-pom" value="" />
    <property name="do.archive+manifest.available" value="true" />
    <property name="java.vm.specification.name" value="Java Virtual Machine Specification" />
    <property name="libs.semc-ant-utils.classpath" value="C:\Program Files\NetBeans 6.9.1\mobility\modules\ext\org-netbeans-modules-j2me-cdc-project-semc.jar" />
    <property name="nb.show.statistics.ui" value="usageStatisticsEnabled" />
    <property name="libs.nokiadeployment.classpath" value="C:\Program Files\NetBeans 6.9.1\mobility\modules\org-netbeans-modules-mobility-deployment-nokia.jar" />
    <property name="netbeans.autoupdate.variant" value="" />
    <property name="have.tests" value="true" />
    <property name="libs.nokiaS80-ant-utils.maven-pom" value="" />
    <property name="org.xml.sax.driver" value="com.sun.org.apache.xerces.internal.jaxp.SAXParserImpl$JAXPSAXParser" />
    <property name="libs.nb_svg_midp_components.src" value="C:\Program Files\NetBeans 6.9.1\mobility\sources\nb_svg_midp_components-src.zip" />
    <property name="libs.NetBeans MIDP Components WMA.src" value="C:\Program Files\NetBeans 6.9.1\mobility\sources\netbeans_midp_components_wma-src.zip" />
    <property name="libs.javac-api.javadoc" value="" />
    <property name="os.name" value="Windows 7" />
    <property name="libs.beans-binding.classpath" value="C:\Program Files\NetBeans 6.9.1\java\modules\ext\beansbinding-1.2.1.jar" />
    <property name="platforms.CDC_Java_TM__Platform_Micro_Edition_SDK_3.0.type" value="cdc-hi" />
    <property name="platforms.Java_TM__Platform_Micro_Edition_SDK_3_0.preverifycommandline" value="" />
    <property name="libs.DataBindingME-SVG.javadoc" value="C:\Program Files\NetBeans 6.9.1\mobility\modules\docs\netbeans_databindingme_svg-api.zip" />
    <property name="libs.restapi.javadoc" value="C:\Program Files\NetBeans 6.9.1\enterprise\docs\jsr311-api-1.1.1-javadoc.zip" />
    <property name="libs.JWSAntTasks.maven-pom" value="" />
    <property name="libs.ojec-ant-utils.src" value="" />
    <property name="libs.spring-webmvc3.0.src" value="" />
    <property name="libs.restapi.classpath" value="C:\Program Files\NetBeans 6.9.1\enterprise\modules\ext\rest\jsr311-api-1.1.1.jar" />
    <property name="java.vendor.url.bug" value="http://java.sun.com/cgi-bin/bugreport.cgi" />
    <property name="libs.nsicom-ant-utils.javadoc" value="" />
    <property name="libs.jaxb.maven-pom" value="" />
    <property name="os.arch" value="x86" />
    <property name="libs.eclipselink.src" value="" />
    <property name="user.name" value="Felipe" />
    <property name="libs.jsf12.javadoc" value="C:\Program Files\NetBeans 6.9.1\enterprise\docs\javaee6-doc-api.zip" />
    <property name="libs.Comet-GlassFish-v3.javadoc" value="" />
    <property name="manifest.available+main.class" value="true" />
    <property name="libs.spring-webmvc3.0.maven-pom" value="" />
    <property name="libs.swing-layout.maven-pom" value="" />
    <property name="build.classes.dir" value="build/classes" />
    <property name="netbeans.accept_license_class" value="org.netbeans.license.AcceptLicense" />
    <property name="libs.Java-EE-GlassFish-v3.wsjwsdp" value="" />
    <property name="build.sysclasspath" value="ignore" />
    <property name="libs.Spring-3.0.5.javadoc" value="" />
    <property name="libs.Spring-3.0.5.src" value="" />
    <property name="libs.jaxws21.javadoc" value="C:\Program Files\NetBeans 6.9.1\java\docs\jaxws-api-doc.zip" />
    <property name="includes" value="**" />
    <property name="libs.ojec-ant-utils.maven-pom" value="" />
    <property name="user.country" value="BR" />
    <property name="manifest.file" value="manifest.mf" />
    <property name="libs.jstl11.javadoc" value="C:\Program Files\NetBeans 6.9.1\enterprise\docs\javaee6-doc-api.zip" />
    <property name="libs.JMUnit4CLDC11.src" value="" />
    <property name="javadoc.encoding" value="UTF-8" />
    <property name="javac.classpath" value="C:\Users\Felipe\Documents\UNIRIO\Bibliotecas Java\Jena-2.6.4\lib\arq-2.8.7.jar;C:\Users\Felipe\Documents\UNIRIO\Bibliotecas Java\Jena-2.6.4\lib\icu4j-3.4.4.jar;C:\Users\Felipe\Documents\UNIRIO\Bibliotecas Java\Jena-2.6.4\lib\iri-0.8.jar;C:\Users\Felipe\Documents\UNIRIO\Bibliotecas Java\Jena-2.6.4\lib\jena-2.6.4-tests.jar;C:\Users\Felipe\Documents\UNIRIO\Bibliotecas Java\Jena-2.6.4\lib\jena-2.6.4.jar;C:\Users\Felipe\Documents\UNIRIO\Bibliotecas Java\Jena-2.6.4\lib\junit-4.5.jar;C:\Users\Felipe\Documents\UNIRIO\Bibliotecas Java\Jena-2.6.4\lib\log4j-1.2.13.jar;C:\Users\Felipe\Documents\UNIRIO\Bibliotecas Java\Jena-2.6.4\lib\lucene-core-2.3.1.jar;C:\Users\Felipe\Documents\UNIRIO\Bibliotecas Java\Jena-2.6.4\lib\slf4j-api-1.5.8.jar;C:\Users\Felipe\Documents\UNIRIO\Bibliotecas Java\Jena-2.6.4\lib\slf4j-log4j12-1.5.8.jar;C:\Users\Felipe\Documents\UNIRIO\Bibliotecas Java\Jena-2.6.4\lib\stax-api-1.0.1.jar;C:\Users\Felipe\Documents\UNIRIO\Bibliotecas Java\Jena-2.6.4\lib\wstx-asl-3.2.9.jar;C:\Users\Felipe\Documents\UNIRIO\Bibliotecas Java\Jena-2.6.4\lib\xercesImpl-2.7.1.jar" />
    <property name="debug-transport" value="dt_shmem" />
    <property name="libs.Jena-2.6.4.classpath" value="C:\Users\Felipe\Documents\UNIRIO\Bibliotecas Java\Jena-2.6.4\lib\arq-2.8.7.jar;C:\Users\Felipe\Documents\UNIRIO\Bibliotecas Java\Jena-2.6.4\lib\icu4j-3.4.4.jar;C:\Users\Felipe\Documents\UNIRIO\Bibliotecas Java\Jena-2.6.4\lib\iri-0.8.jar;C:\Users\Felipe\Documents\UNIRIO\Bibliotecas Java\Jena-2.6.4\lib\jena-2.6.4-tests.jar;C:\Users\Felipe\Documents\UNIRIO\Bibliotecas Java\Jena-2.6.4\lib\jena-2.6.4.jar;C:\Users\Felipe\Documents\UNIRIO\Bibliotecas Java\Jena-2.6.4\lib\junit-4.5.jar;C:\Users\Felipe\Documents\UNIRIO\Bibliotecas Java\Jena-2.6.4\lib\log4j-1.2.13.jar;C:\Users\Felipe\Documents\UNIRIO\Bibliotecas Java\Jena-2.6.4\lib\lucene-core-2.3.1.jar;C:\Users\Felipe\Documents\UNIRIO\Bibliotecas Java\Jena-2.6.4\lib\slf4j-api-1.5.8.jar;C:\Users\Felipe\Documents\UNIRIO\Bibliotecas Java\Jena-2.6.4\lib\slf4j-log4j12-1.5.8.jar;C:\Users\Felipe\Documents\UNIRIO\Bibliotecas Java\Jena-2.6.4\lib\stax-api-1.0.1.jar;C:\Users\Felipe\Documents\UNIRIO\Bibliotecas Java\Jena-2.6.4\lib\wstx-asl-3.2.9.jar;C:\Users\Felipe\Documents\UNIRIO\Bibliotecas Java\Jena-2.6.4\lib\xercesImpl-2.7.1.jar" />
    <property name="netbeans.home" value="C:\Program Files\NetBeans 6.9.1\platform" />
    <property name="build.compiler.emacs" value="true" />
    <property name="libs.javaee-web-api-6.0.src" value="" />
    <property name="libs.ejb3-persistence.src" value="" />
    <property name="libs.Java-EE-GlassFish-v3.javadoc" value="C:\Program Files\NetBeans 6.9.1\enterprise\docs\javaee6-doc-api.zip" />
    <property name="libs.nokiaS80-ant-utils.src" value="" />
    <property name="libs.cdc-pp-awt-layout.javadoc" value="" />
    <property name="libs.j2me_ant_ext.classpath" value="C:\Program Files\NetBeans 6.9.1\mobility\modules\org-netbeans-modules-mobility-antext.jar;C:\Program Files\NetBeans 6.9.1\java\modules\org-netbeans-modules-classfile.jar" />
    <property name="java.endorsed.dirs" value="C:\Program Files\Java\jdk1.6.0_23\jre\lib\endorsed" />
    <property name="libs.Comet-GlassFish-v3.maven-pom" value="" />
    <property name="libs.groovy-all.src" value="" />
    <property name="netbeans.dynamic.classpath" value="C:\Users\Felipe\.netbeans\6.9\core\core.jar;C:\Users\Felipe\.netbeans\6.9\core\locale\core_ja.jar;C:\Users\Felipe\.netbeans\6.9\core\locale\core_pt_BR.jar;C:\Users\Felipe\.netbeans\6.9\core\locale\core_zh_CN.jar;C:\Program Files\NetBeans 6.9.1\platform\core\org-openide-filesystems.jar;C:\Program Files\NetBeans 6.9.1\platform\core\locale\org-openide-filesystems_ja.jar;C:\Program Files\NetBeans 6.9.1\platform\core\locale\org-openide-filesystems_pt_BR.jar;C:\Program Files\NetBeans 6.9.1\platform\core\locale\org-openide-filesystems_zh_CN.jar;C:\Program Files\NetBeans 6.9.1\nb\core\org-netbeans-upgrader.jar;C:\Program Files\NetBeans 6.9.1\nb\core\locale\core_nb.jar;C:\Program Files\NetBeans 6.9.1\nb\core\locale\core_nb_ja.jar;C:\Program Files\NetBeans 6.9.1\nb\core\locale\core_nb_pt_BR.jar;C:\Program Files\NetBeans 6.9.1\nb\core\locale\core_nb_zh_CN.jar;C:\Program Files\NetBeans 6.9.1\nb\core\locale\org-netbeans-upgrader_ja.jar;C:\Program Files\NetBeans 6.9.1\nb\core\locale\org-netbeans-upgrader_pt_BR.jar;C:\Program Files\NetBeans 6.9.1\nb\core\locale\org-netbeans-upgrader_zh_CN.jar" />
    <property name="libs.cdc-agui-swing-layout.maven-pom" value="" />
    <property name="libs.cdc-pp-awt-layout.src" value="C:\Program Files\NetBeans 6.9.1\mobility\sources\cdc-pp-awt-layout-src.zip" />
    <property name="java.vm.specification.version" value="1.0" />
    <property name="libs.jakarta_slide_ant_webdav.src" value="" />
    <property name="libs.javaee-api-6.0.classpath" value="C:\Program Files\NetBeans 6.9.1\enterprise\modules\ext\javaee-api-6.0.jar" />
    <property name="libs.sjmc-ant-utils.maven-pom" value="" />
    <property name="libs.groovy-all.maven-pom" value="" />
    <property name="libs.JMUnit4CLDC10.maven-pom" value="" />
    <property name="libs.hibernate-persistence.classpath" value="C:\Program Files\NetBeans 6.9.1\java\modules\ext\hibernate\antlr-2.7.6.jar;C:\Program Files\NetBeans 6.9.1\java\modules\ext\hibernate\asm.jar;C:\Program Files\NetBeans 6.9.1\java\modules\ext\hibernate\asm-attrs.jar;C:\Program Files\NetBeans 6.9.1\java\modules\ext\hibernate\cglib-2.1.3.jar;C:\Program Files\NetBeans 6.9.1\java\modules\ext\hibernate\commons-collections-2.1.1.jar;C:\Program Files\NetBeans 6.9.1\ide\modules\ext\commons-logging-1.1.jar;C:\Program Files\NetBeans 6.9.1\java\modules\ext\hibernate\dom4j-1.6.1.jar;C:\Program Files\NetBeans 6.9.1\java\modules\ext\hibernate\ehcache-1.2.3.jar;C:\Program Files\NetBeans 6.9.1\java\modules\ext\hibernate\jdbc2_0-stdext.jar;C:\Program Files\NetBeans 6.9.1\java\modules\ext\hibernate\jta.jar;C:\Program Files\NetBeans 6.9.1\java\modules\ext\hibernate\hibernate3.jar;C:\Program Files\NetBeans 6.9.1\java\modules\ext\hibernate\hibernate-tools.jar;C:\Program Files\NetBeans 6.9.1\java\modules\ext\hibernate\hibernate-annotations.jar;C:\Program Files\NetBeans 6.9.1\java\modules\ext\hibernate\hibernate-commons-annotations.jar;C:\Program Files\NetBeans 6.9.1\java\modules\ext\hibernate\hibernate-entitymanager.jar;C:\Program Files\NetBeans 6.9.1\java\modules\ext\hibernate\javassist.jar;C:\Program Files\NetBeans 6.9.1\java\modules\ext\hibernate\ejb3-persistence.jar" />
    <property name="libs.jaxws21.src" value="" />
    <property name="application.title" value="Orion" />
    <property name="do.archive" value="true" />
    <property name="libs.swing-app-framework.classpath" value="C:\Program Files\NetBeans 6.9.1\java\modules\ext\appframework-1.0.3.jar;C:\Program Files\NetBeans 6.9.1\java\modules\ext\swing-worker-1.1.jar" />
    <property name="libs.JenaLibs.classpath" value="C:\Users\Felipe\Documents\UNIRIO\IC\OntoForte\Jena-2.6.4\lib\arq-2.8.7.jar;C:\Users\Felipe\Documents\UNIRIO\IC\OntoForte\Jena-2.6.4\lib\icu4j-3.4.4.jar;C:\Users\Felipe\Documents\UNIRIO\IC\OntoForte\Jena-2.6.4\lib\iri-0.8.jar;C:\Users\Felipe\Documents\UNIRIO\IC\OntoForte\Jena-2.6.4\lib\jena-2.6.4-tests.jar;C:\Users\Felipe\Documents\UNIRIO\IC\OntoForte\Jena-2.6.4\lib\jena-2.6.4.jar;C:\Users\Felipe\Documents\UNIRIO\IC\OntoForte\Jena-2.6.4\lib\junit-4.5.jar;C:\Users\Felipe\Documents\UNIRIO\IC\OntoForte\Jena-2.6.4\lib\log4j-1.2.13.jar;C:\Users\Felipe\Documents\UNIRIO\IC\OntoForte\Jena-2.6.4\lib\lucene-core-2.3.1.jar;C:\Users\Felipe\Documents\UNIRIO\IC\OntoForte\Jena-2.6.4\lib\slf4j-api-1.5.8.jar;C:\Users\Felipe\Documents\UNIRIO\IC\OntoForte\Jena-2.6.4\lib\slf4j-log4j12-1.5.8.jar;C:\Users\Felipe\Documents\UNIRIO\IC\OntoForte\Jena-2.6.4\lib\stax-api-1.0.1.jar;C:\Users\Felipe\Documents\UNIRIO\IC\OntoForte\Jena-2.6.4\lib\wstx-asl-3.2.9.jar;C:\Users\Felipe\Documents\UNIRIO\IC\OntoForte\Jena-2.6.4\lib\xercesImpl-2.7.1.jar;C:\Users\Felipe\Documents\UNIRIO\IC\OntoForte\Jena-2.6.4\lib-src\iri-0.8-sources.jar;C:\Users\Felipe\Documents\UNIRIO\IC\OntoForte\Jena-2.6.4\lib-src\jena-2.6.4-sources.jar" />
    <property name="netbeans.autoupdate.language" value="pt" />
    <property name="libs.jakarta_slide_ant_webdav.classpath" value="C:\Program Files\NetBeans 6.9.1\mobility\modules\ext\commons-httpclient-3.0.1.jar;C:\Program Files\NetBeans 6.9.1\ide\modules\ext\commons-logging-1.1.jar;C:\Program Files\NetBeans 6.9.1\java\modules\ext\jdom-1.0.jar;C:\Program Files\NetBeans 6.9.1\mobility\modules\ext\jakarta-slide-webdavlib-2.1.jar;C:\Program Files\NetBeans 6.9.1\mobility\modules\ext\jakarta-slide-ant-webdav-2.1.jar" />
    <property name="java.vendor" value="Sun Microsystems Inc." />
    <property name="libs.JMUnit4CLDC10.src" value="" />
    <property name="libs.javaee-api-6.0.javadoc" value="C:\Program Files\NetBeans 6.9.1\enterprise\docs\javaee6-doc-api.zip" />
    <property name="javac.debug" value="true" />
    <property name="javadoc.splitindex" value="true" />
    <property name="file.separator" value="\" />
    <property name="libs.IdentityAntTasks.src" value="" />
    <property name="libs.restlib_gfv3ee6.classpath" value="C:\Program Files\glassfish-3.0.1\glassfish\modules\asm-all-repackaged.jar;C:\Program Files\glassfish-3.0.1\glassfish\modules\jackson-core-asl.jar;C:\Program Files\glassfish-3.0.1\glassfish\modules\jersey-gf-bundle.jar;C:\Program Files\glassfish-3.0.1\glassfish\modules\jersey-multipart.jar;C:\Program Files\glassfish-3.0.1\glassfish\modules\jettison.jar;C:\Program Files\glassfish-3.0.1\glassfish\modules\jsr311-api.jar" />
    <property name="ant.file.OntoForte" value="C:\Users\Felipe\Documents\UNIRIO\IC\Orion\Orion\build.xml" />
    <property name="libs.ActiveSync.classpath" value="C:\Program Files\NetBeans 6.9.1\mobility\modules\ext\nbactivesync-5.0.jar" />
    <property name="libs.junit_4.maven-pom" value="" />
    <property name="javac.test.processorpath" value="C:\Users\Felipe\Documents\UNIRIO\Bibliotecas Java\Jena-2.6.4\lib\arq-2.8.7.jar;C:\Users\Felipe\Documents\UNIRIO\Bibliotecas Java\Jena-2.6.4\lib\icu4j-3.4.4.jar;C:\Users\Felipe\Documents\UNIRIO\Bibliotecas Java\Jena-2.6.4\lib\iri-0.8.jar;C:\Users\Felipe\Documents\UNIRIO\Bibliotecas Java\Jena-2.6.4\lib\jena-2.6.4-tests.jar;C:\Users\Felipe\Documents\UNIRIO\Bibliotecas Java\Jena-2.6.4\lib\jena-2.6.4.jar;C:\Users\Felipe\Documents\UNIRIO\Bibliotecas Java\Jena-2.6.4\lib\junit-4.5.jar;C:\Users\Felipe\Documents\UNIRIO\Bibliotecas Java\Jena-2.6.4\lib\log4j-1.2.13.jar;C:\Users\Felipe\Documents\UNIRIO\Bibliotecas Java\Jena-2.6.4\lib\lucene-core-2.3.1.jar;C:\Users\Felipe\Documents\UNIRIO\Bibliotecas Java\Jena-2.6.4\lib\slf4j-api-1.5.8.jar;C:\Users\Felipe\Documents\UNIRIO\Bibliotecas Java\Jena-2.6.4\lib\slf4j-log4j12-1.5.8.jar;C:\Users\Felipe\Documents\UNIRIO\Bibliotecas Java\Jena-2.6.4\lib\stax-api-1.0.1.jar;C:\Users\Felipe\Documents\UNIRIO\Bibliotecas Java\Jena-2.6.4\lib\wstx-asl-3.2.9.jar;C:\Users\Felipe\Documents\UNIRIO\Bibliotecas Java\Jena-2.6.4\lib\xercesImpl-2.7.1.jar:build/classes:C:\Program Files\NetBeans 6.9.1\platform\modules\ext\junit-4.5.jar" />
    <property name="netbeans.buildnumber" value="201011082200" />
    <property name="libs.JWSAntTasks.javadoc" value="" />
    <property name="build.generated.sources.dir" value="build/generated-sources" />
    <property name="user.variant" value="" />
    <property name="libs.Java-EE-GlassFish-v3.wscompile" value="" />
    <property name="libs.JenaLibs.javadoc" value="C:\Users\Felipe\Documents\UNIRIO\IC\OntoForte\Jena-2.6.4\doc\javadoc" />
    <property name="sun.java.launcher" value="SUN_STANDARD" />
    <property name="libs.junit.classpath" value="C:\Program Files\NetBeans 6.9.1\java\modules\ext\junit-3.8.2.jar" />
    <property name="libs.jaxb.javadoc" value="C:\Program Files\NetBeans 6.9.1\ide\docs\jaxb-api-doc.zip" />
    <property name="libs.struts.classpath" value="C:\Program Files\NetBeans 6.9.1\enterprise\modules\ext\struts\antlr-2.7.2.jar;C:\Program Files\NetBeans 6.9.1\enterprise\modules\ext\struts\bsf-2.3.0.jar;C:\Program Files\NetBeans 6.9.1\enterprise\modules\ext\struts\commons-beanutils-1.7.0.jar;C:\Program Files\NetBeans 6.9.1\enterprise\modules\ext\struts\commons-chain-1.1.jar;C:\Program Files\NetBeans 6.9.1\enterprise\modules\ext\struts\commons-digester-1.8.jar;C:\Program Files\NetBeans 6.9.1\enterprise\modules\ext\struts\commons-fileupload-1.1.1.jar;C:\Program Files\NetBeans 6.9.1\enterprise\modules\ext\struts\commons-io-1.1.jar;C:\Program Files\NetBeans 6.9.1\enterprise\modules\ext\struts\commons-logging-1.0.4.jar;C:\Program Files\NetBeans 6.9.1\enterprise\modules\ext\struts\commons-validator-1.3.1.jar;C:\Program Files\NetBeans 6.9.1\enterprise\modules\ext\struts\jstl-1.0.2.jar;C:\Program Files\NetBeans 6.9.1\enterprise\modules\ext\struts\oro-2.0.8.jar;C:\Program Files\NetBeans 6.9.1\enterprise\modules\ext\struts\standard-1.0.2.jar;C:\Program Files\NetBeans 6.9.1\enterprise\modules\ext\struts\struts-core-1.3.8.jar;C:\Program Files\NetBeans 6.9.1\enterprise\modules\ext\struts\struts-el-1.3.8.jar;C:\Program Files\NetBeans 6.9.1\enterprise\modules\ext\struts\struts-extras-1.3.8.jar;C:\Program Files\NetBeans 6.9.1\enterprise\modules\ext\struts\struts-faces-1.3.8.jar;C:\Program Files\NetBeans 6.9.1\enterprise\modules\ext\struts\struts-mailreader-dao-1.3.8.jar;C:\Program Files\NetBeans 6.9.1\enterprise\modules\ext\struts\struts-scripting-1.3.8.jar;C:\Program Files\NetBeans 6.9.1\enterprise\modules\ext\struts\struts-taglib-1.3.8.jar;C:\Program Files\NetBeans 6.9.1\enterprise\modules\ext\struts\struts-tiles-1.3.8.jar" />
    <property name="ant.home" value="C:\Program Files\NetBeans 6.9.1\java\ant" />
    <property name="libs.junit_4.src" value="C:\Program Files\NetBeans 6.9.1\java\docs\junit-4.5-src.jar" />
    <property name="libs.ricoh-ant-utils.maven-pom" value="" />
    <property name="do.archive+manifest.available+main.class+mkdist.available" value="true" />
    <property name="libs.absolutelayout.maven-pom" value="" />
    <property name="ant.java.version" value="1.6" />
    <property name="java.library.path" value="C:\Program Files\Java\jdk1.6.0_23\jre\bin;.;C:\Windows\Sun\Java\bin;C:\Windows\system32;C:\Windows;C:\Program Files\Common Files\Microsoft Shared\Windows Live;C:\Windows\system32;C:\Windows;C:\Windows\System32\Wbem;C:\Windows\System32\WindowsPowerShell\v1.0\;C:\Program Files\Broadcom\Broadcom 802.11\Driver;C:\Program Files\WIDCOMM\Bluetooth Software\;C:\Program Files\Windows Live\Shared;C:\Program Files\TortoiseSVN\bin;" />
    <property name="javadoc.author" value="false" />
    <property name="libs.metro.maven-pom" value="" />
    <property name="libs.IdentityAntTasks.classpath" value="C:\Program Files\NetBeans 6.9.1\identity\ant\nblib\org-netbeans-modules-identity-ant.jar;C:\Program Files\NetBeans 6.9.1\identity\modules\org-netbeans-modules-identity-profile-api.jar" />
    <property name="libs.EclipseLink-GlassFish-v3.src" value="" />
    <property name="java.util.logging.config.class" value="org.netbeans.core.startup.TopLogging" />
    <property name="libs.PostgreSQLDriver.src" value="" />
    <property name="sun.arch.data.model" value="32" />
    <property name="basedir" value="C:\Users\Felipe\Documents\UNIRIO\IC\Orion\Orion" />
    <property name="libs.ActiveSync.src" value="" />
    <property name="jar.compress" value="false" />
    <property name="libs.NetBeans MIDP Components PDA.src" value="C:\Program Files\NetBeans 6.9.1\mobility\sources\netbeans_midp_components_pda-src.zip" />
    <property name="libs.jstl11.classpath" value="C:\Program Files\NetBeans 6.9.1\enterprise\modules\ext\standard.jar;C:\Program Files\NetBeans 6.9.1\enterprise\modules\ext\jstl.jar" />
    <property name="path.separator" value=";" />
    <property name="libs.javaee-web-api-6.0.javadoc" value="C:\Program Files\NetBeans 6.9.1\enterprise\docs\javaee6-doc-api.zip" />
    <property name="sun.io.unicode.encoding" value="UnicodeLittle" />
    <property name="libs.semc-ant-utils.javadoc" value="" />
    <property name="libs.JenaLibs.src" value="C:\Users\Felipe\Documents\UNIRIO\IC\OntoForte\Jena-2.6.4\lib-src\iri-0.8-sources.jar;C:\Users\Felipe\Documents\UNIRIO\IC\OntoForte\Jena-2.6.4\lib-src\jena-2.6.4-sources.jar" />
    <property name="libs.jaxws21.classpath" value="C:\Program Files\NetBeans 6.9.1\ide\modules\ext\jaxb\jaxb-impl.jar;C:\Program Files\NetBeans 6.9.1\ide\modules\ext\jaxb\jaxb-xjc.jar;C:\Program Files\NetBeans 6.9.1\java\modules\ext\jaxws22\FastInfoset.jar;C:\Program Files\NetBeans 6.9.1\java\modules\ext\jaxws22\gmbal-api-only.jar;C:\Program Files\NetBeans 6.9.1\java\modules\ext\jaxws22\http.jar;C:\Program Files\NetBeans 6.9.1\java\modules\ext\jaxws22\jaxws-rt.jar;C:\Program Files\NetBeans 6.9.1\java\modules\ext\jaxws22\jaxws-tools.jar;C:\Program Files\NetBeans 6.9.1\java\modules\ext\jaxws22\management-api.jar;C:\Program Files\NetBeans 6.9.1\java\modules\ext\jaxws22\mimepull.jar;C:\Program Files\NetBeans 6.9.1\java\modules\ext\jaxws22\policy.jar;C:\Program Files\NetBeans 6.9.1\java\modules\ext\jaxws22\saaj-impl.jar;C:\Program Files\NetBeans 6.9.1\java\modules\ext\jaxws22\stax-ex.jar;C:\Program Files\NetBeans 6.9.1\java\modules\ext\jaxws22\streambuffer.jar;C:\Program Files\NetBeans 6.9.1\java\modules\ext\jaxws22\woodstox.jar;C:\Program Files\NetBeans 6.9.1\java\modules\ext\jaxws22\api\jaxws-api.jar;C:\Program Files\NetBeans 6.9.1\java\modules\ext\jaxws22\api\jsr181-api.jar;C:\Program Files\NetBeans 6.9.1\java\modules\ext\jaxws22\api\jsr250-api.jar;C:\Program Files\NetBeans 6.9.1\java\modules\ext\jaxws22\api\saaj-api.jar;C:\Program Files\NetBeans 6.9.1\ide\modules\ext\jaxb\activation.jar;C:\Program Files\NetBeans 6.9.1\ide\modules\ext\jaxb\api\jaxb-api.jar;C:\Program Files\NetBeans 6.9.1\ide\modules\ext\jaxb\api\jsr173_api.jar" />
    <property name="libs.struts.src" value="" />
    <property name="compile.on.save" value="true" />
    <property name="apple.awt.graphics.UseQuartz" value="true" />
    <property name="user.language" value="pt" />
    <property name="ant.file.type.-profiler-impl" value="file" />
    <property name="libs.spring-framework.classpath" value="C:\Program Files\NetBeans 6.9.1\ide\modules\ext\commons-logging-1.1.jar;C:\Program Files\NetBeans 6.9.1\java\modules\ext\cglib-2.2.jar;C:\Program Files\NetBeans 6.9.1\java\modules\ext\spring\spring-2.5.6.SEC01.jar" />
    <property name="libs.eclipselink.maven-pom" value="" />
    <property name="application.vendor" value="Felipe" />
    <property name="manifest.available" value="true" />
    <property name="libs.spring-framework300.maven-pom" value="" />
    <property name="run.test.classpath" value="C:\Users\Felipe\Documents\UNIRIO\Bibliotecas Java\Jena-2.6.4\lib\arq-2.8.7.jar;C:\Users\Felipe\Documents\UNIRIO\Bibliotecas Java\Jena-2.6.4\lib\icu4j-3.4.4.jar;C:\Users\Felipe\Documents\UNIRIO\Bibliotecas Java\Jena-2.6.4\lib\iri-0.8.jar;C:\Users\Felipe\Documents\UNIRIO\Bibliotecas Java\Jena-2.6.4\lib\jena-2.6.4-tests.jar;C:\Users\Felipe\Documents\UNIRIO\Bibliotecas Java\Jena-2.6.4\lib\jena-2.6.4.jar;C:\Users\Felipe\Documents\UNIRIO\Bibliotecas Java\Jena-2.6.4\lib\junit-4.5.jar;C:\Users\Felipe\Documents\UNIRIO\Bibliotecas Java\Jena-2.6.4\lib\log4j-1.2.13.jar;C:\Users\Felipe\Documents\UNIRIO\Bibliotecas Java\Jena-2.6.4\lib\lucene-core-2.3.1.jar;C:\Users\Felipe\Documents\UNIRIO\Bibliotecas Java\Jena-2.6.4\lib\slf4j-api-1.5.8.jar;C:\Users\Felipe\Documents\UNIRIO\Bibliotecas Java\Jena-2.6.4\lib\slf4j-log4j12-1.5.8.jar;C:\Users\Felipe\Documents\UNIRIO\Bibliotecas Java\Jena-2.6.4\lib\stax-api-1.0.1.jar;C:\Users\Felipe\Documents\UNIRIO\Bibliotecas Java\Jena-2.6.4\lib\wstx-asl-3.2.9.jar;C:\Users\Felipe\Documents\UNIRIO\Bibliotecas Java\Jena-2.6.4\lib\xercesImpl-2.7.1.jar:build/classes:C:\Program Files\NetBeans 6.9.1\platform\modules\ext\junit-4.5.jar:build/test/classes" />
    <property name="ant.project.invoked-targets" value="test" />
    <property name="useJavaUtilZip" value="true" />
    <property name="libs.swing-layout.javadoc" value="C:\Program Files\NetBeans 6.9.1\platform\docs\swing-layout-1.0.4-doc.zip" />
    <property name="libs.swing-app-framework.javadoc" value="C:\Program Files\NetBeans 6.9.1\java\docs\appframework-1.0.3-doc.zip" />
    <property name="libs.ejb3-persistence.maven-pom" value="" />
    <property name="libs.proguard.classpath" value="C:\Program Files\NetBeans 6.9.1\mobility\external\proguard\proguard4.4.jar" />
    <property name="libs.DataBindingME-SVG.classpath" value="C:\Program Files\NetBeans 6.9.1\mobility\modules\ext\netbeans_databindingme_svg.jar" />
    <property name="https.nonProxyHosts" value="localhost|127.0.0.1|Felipe-Netbook" />
    <property name="libs.PostgreSQLDriver.maven-pom" value="" />
    <property name="java.class.version" value="50.0" />
    <property name="libs.javaee-endorsed-api-6.0.src" value="" />
    <property name="libs.cdc-ant-utils.classpath" value="C:\Program Files\NetBeans 6.9.1\mobility\modules\ext\org-netbeans-modules-j2me-cdc-project.jar" />
    <property name="netbeans.system_http_proxy" value="DIRECT" />
    <property name="libs.eclipselink.javadoc" value="C:\Program Files\NetBeans 6.9.1\enterprise\docs\javaee6-doc-api.zip" />
    <property name="libs.NetBeans MIDP Components WMA.maven-pom" value="" />
    <property name="libs.jsp-compilation.maven-pom" value="" />
    <property name="user.properties.file" value="C:\Users\Felipe\.netbeans\6.9\build.properties" />
    <property name="runtime.encoding" value="UTF-8" />
    <property name="libs.spring-framework.src" value="" />
    <property name="libs.javac-api.maven-pom" value="" />
    <property name="file.encoding.pkg" value="sun.io" />
    <property name="sun.cpu.endian" value="little" />
    <property name="libs.JWSAntTasks.classpath" value="C:\Program Files\NetBeans 6.9.1\java\ant\extra\org-netbeans-modules-javawebstart-anttasks.jar" />
    <property name="libs.spring-framework300.src" value="" />
    <property name="libs.ant-contrib.classpath" value="C:\Program Files\NetBeans 6.9.1\mobility\modules\ext\ant-contrib-1.0b3.jar" />
    <property name="empty.dir" value="C:\Users\Felipe\Documents\UNIRIO\IC\Orion\Orion\build\empty" />
    <property name="version-output" value="java version &quot;1.6" />
    <property name="javadoc.preview" value="true" />
    <property name="java.home" value="C:\Program Files\Java\jdk1.6.0_23\jre" />
    <property name="libs.ojec-ant-utils.javadoc" value="" />
    <property name="libs.jsp-compilation.src" value="" />
    <property name="libs.ricoh-ant-utils.src" value="" />
    <property name="libs.spring-webmvc.src" value="" />
    <property name="libs.ant-contrib.javadoc" value="" />
    <property name="debug.test.classpath" value="C:\Users\Felipe\Documents\UNIRIO\Bibliotecas Java\Jena-2.6.4\lib\arq-2.8.7.jar;C:\Users\Felipe\Documents\UNIRIO\Bibliotecas Java\Jena-2.6.4\lib\icu4j-3.4.4.jar;C:\Users\Felipe\Documents\UNIRIO\Bibliotecas Java\Jena-2.6.4\lib\iri-0.8.jar;C:\Users\Felipe\Documents\UNIRIO\Bibliotecas Java\Jena-2.6.4\lib\jena-2.6.4-tests.jar;C:\Users\Felipe\Documents\UNIRIO\Bibliotecas Java\Jena-2.6.4\lib\jena-2.6.4.jar;C:\Users\Felipe\Documents\UNIRIO\Bibliotecas Java\Jena-2.6.4\lib\junit-4.5.jar;C:\Users\Felipe\Documents\UNIRIO\Bibliotecas Java\Jena-2.6.4\lib\log4j-1.2.13.jar;C:\Users\Felipe\Documents\UNIRIO\Bibliotecas Java\Jena-2.6.4\lib\lucene-core-2.3.1.jar;C:\Users\Felipe\Documents\UNIRIO\Bibliotecas Java\Jena-2.6.4\lib\slf4j-api-1.5.8.jar;C:\Users\Felipe\Documents\UNIRIO\Bibliotecas Java\Jena-2.6.4\lib\slf4j-log4j12-1.5.8.jar;C:\Users\Felipe\Documents\UNIRIO\Bibliotecas Java\Jena-2.6.4\lib\stax-api-1.0.1.jar;C:\Users\Felipe\Documents\UNIRIO\Bibliotecas Java\Jena-2.6.4\lib\wstx-asl-3.2.9.jar;C:\Users\Felipe\Documents\UNIRIO\Bibliotecas Java\Jena-2.6.4\lib\xercesImpl-2.7.1.jar:build/classes:C:\Program Files\NetBeans 6.9.1\platform\modules\ext\junit-4.5.jar:build/test/classes" />
    <property name="libs.Jena-2.6.4.src" value="C:\Users\Felipe\Documents\UNIRIO\Bibliotecas Java\Jena-2.6.4\lib-src\iri-0.8-sources.jar;C:\Users\Felipe\Documents\UNIRIO\Bibliotecas Java\Jena-2.6.4\lib-src\jena-2.6.4-sources.jar" />
    <property name="libs.javaee-endorsed-api-6.0.classpath" value="C:\Program Files\NetBeans 6.9.1\enterprise\modules\ext\javaee6-endorsed\javax.annotation.jar;C:\Program Files\NetBeans 6.9.1\enterprise\modules\ext\javaee6-endorsed\jaxb-api-osgi.jar;C:\Program Files\NetBeans 6.9.1\enterprise\modules\ext\javaee6-endorsed\webservices-api-osgi.jar" />
    <property name="libs.javaee-api-6.0.src" value="" />
    <property name="netbeans.importclass" value="org.netbeans.upgrade.AutoUpgrade" />
    <property name="ant.project.default-target" value="default" />
    <property name="annotation.processing.run.all.processors" value="true" />
    <property name="libs.savaje-ant-utils.classpath" value="C:\Program Files\NetBeans 6.9.1\mobility\modules\ext\org-netbeans-modules-j2me-cdc-project-savaje.jar" />
    <property name="libs.toplink.maven-pom" value="" />
    <property name="ant.file.type.OntoForte" value="file" />
    <property name="libs.DataBindingME.maven-pom" value="" />
    <property name="libs.PostgreSQLDriver.javadoc" value="" />
    <property name="libs.restlib.classpath" value="C:\Program Files\NetBeans 6.9.1\enterprise\modules\ext\rest\asm-3.1.jar;C:\Program Files\NetBeans 6.9.1\enterprise\modules\ext\rest\jackson-core-asl-1.1.1.jar;C:\Program Files\NetBeans 6.9.1\enterprise\modules\ext\rest\jersey-client-1.1.5.1.jar;C:\Program Files\NetBeans 6.9.1\enterprise\modules\ext\rest\jersey-core-1.1.5.1.jar;C:\Program Files\NetBeans 6.9.1\enterprise\modules\ext\rest\jersey-json-1.1.5.1.jar;C:\Program Files\NetBeans 6.9.1\enterprise\modules\ext\rest\jersey-server-1.1.5.1.jar;C:\Program Files\NetBeans 6.9.1\enterprise\modules\ext\rest\jersey-spring-1.1.5.1.jar;C:\Program Files\NetBeans 6.9.1\enterprise\modules\ext\rest\jettison-1.1.jar;C:\Program Files\NetBeans 6.9.1\enterprise\modules\ext\rest\oauth-client-1.1.5.1.jar;C:\Program Files\NetBeans 6.9.1\enterprise\modules\ext\rest\oauth-signature-1.1.5.1.jar;C:\Program Files\NetBeans 6.9.1\ide\modules\ext\jaxb\activation.jar;C:\Program Files\NetBeans 6.9.1\ide\modules\ext\jaxb\api\jaxb-api.jar;C:\Program Files\NetBeans 6.9.1\ide\modules\ext\jaxb\api\jsr173_api.jar" />
    <property name="libs.JMUnit4CLDC11.javadoc" value="C:\Program Files\NetBeans 6.9.1\mobility\modules\docs\jmunit-1.2.1-api.zip" />
    <property name="libs.nsicom-ant-utils.maven-pom" value="" />
    <property name="libs.MySQLDriver.maven-pom" value="" />
    <property name="libs.savaje-ant-utils.src" value="" />
    <property name="http.nonProxyHosts" value="localhost|127.0.0.1|Felipe-Netbook" />
    <property name="libs.junit_4.javadoc" value="C:\Program Files\NetBeans 6.9.1\java\docs\junit-4.5-api.zip" />
    <property name="libs.spring-webmvc.javadoc" value="" />
    <property name="libs.toplink.src" value="" />
    <property name="libs.EclipseLink-GlassFish-v3.maven-pom" value="" />
    <property name="libs.javaee-web-api-6.0.maven-pom" value="" />
    <property name="libs.cdc-pp-awt-layout.classpath" value="C:\Program Files\NetBeans 6.9.1\mobility\modules\ext\cdc-pp-awt-layout.jar" />
    <property name="libs.cdc-agui-swing-layout.src" value="C:\Program Files\NetBeans 6.9.1\mobility\sources\cdc-agui-swing-layout-src.zip" />
    <property name="run.classpath" value="C:\Users\Felipe\Documents\UNIRIO\Bibliotecas Java\Jena-2.6.4\lib\arq-2.8.7.jar;C:\Users\Felipe\Documents\UNIRIO\Bibliotecas Java\Jena-2.6.4\lib\icu4j-3.4.4.jar;C:\Users\Felipe\Documents\UNIRIO\Bibliotecas Java\Jena-2.6.4\lib\iri-0.8.jar;C:\Users\Felipe\Documents\UNIRIO\Bibliotecas Java\Jena-2.6.4\lib\jena-2.6.4-tests.jar;C:\Users\Felipe\Documents\UNIRIO\Bibliotecas Java\Jena-2.6.4\lib\jena-2.6.4.jar;C:\Users\Felipe\Documents\UNIRIO\Bibliotecas Java\Jena-2.6.4\lib\junit-4.5.jar;C:\Users\Felipe\Documents\UNIRIO\Bibliotecas Java\Jena-2.6.4\lib\log4j-1.2.13.jar;C:\Users\Felipe\Documents\UNIRIO\Bibliotecas Java\Jena-2.6.4\lib\lucene-core-2.3.1.jar;C:\Users\Felipe\Documents\UNIRIO\Bibliotecas Java\Jena-2.6.4\lib\slf4j-api-1.5.8.jar;C:\Users\Felipe\Documents\UNIRIO\Bibliotecas Java\Jena-2.6.4\lib\slf4j-log4j12-1.5.8.jar;C:\Users\Felipe\Documents\UNIRIO\Bibliotecas Java\Jena-2.6.4\lib\stax-api-1.0.1.jar;C:\Users\Felipe\Documents\UNIRIO\Bibliotecas Java\Jena-2.6.4\lib\wstx-asl-3.2.9.jar;C:\Users\Felipe\Documents\UNIRIO\Bibliotecas Java\Jena-2.6.4\lib\xercesImpl-2.7.1.jar:build/classes" />
    <property name="libs.hibernate-support.src" value="" />
    <property name="libs.javaee-endorsed-api-6.0.javadoc" value="C:\Program Files\NetBeans 6.9.1\enterprise\docs\javaee6-doc-api.zip" />
    <property name="libs.JMUnit4CLDC11.classpath" value="C:\Program Files\NetBeans 6.9.1\mobility\modules\ext\jmunit4cldc11-1.2.1.jar" />
    <property name="libs.nb_svg_midp_components.classpath" value="C:\Program Files\NetBeans 6.9.1\mobility\modules\ext\nb_svg_midp_components.jar" />
    <property name="libs.spring-webmvc3.0.javadoc" value="" />
    <property name="annotation.processing.enabled.in.editor" value="false" />
    <property name="libs.NetBeans MIDP Components PDA.classpath" value="C:\Program Files\NetBeans 6.9.1\mobility\modules\ext\netbeans_midp_components_pda.jar" />
    <property name="libs.semc-ant-utils.maven-pom" value="" />
    <property name="libs.nokiadeployment.maven-pom" value="" />
    <property name="libs.restapi.src" value="" />
    <property name="libs.NetBeans MIDP Components.javadoc" value="C:\Program Files\NetBeans 6.9.1\mobility\modules\docs\netbeans_midp_components_basic-api.zip" />
    <property name="sun.management.compiler" value="HotSpot Client Compiler" />
    <property name="javac.deprecation" value="false" />
    <property name="javadoc.use" value="true" />
    <property name="jna.boot.library.path" value="C:\Users\Felipe\.netbeans\6.9\var\cache\jna" />
    <property name="sun.java2d.noddraw" value="true" />
    <property name="libs.jsp-compiler.classpath" value="C:\Program Files\NetBeans 6.9.1\enterprise\ant\extra\jspcompile.jar" />
    <property name="javac.processorpath" value="C:\Users\Felipe\Documents\UNIRIO\Bibliotecas Java\Jena-2.6.4\lib\arq-2.8.7.jar;C:\Users\Felipe\Documents\UNIRIO\Bibliotecas Java\Jena-2.6.4\lib\icu4j-3.4.4.jar;C:\Users\Felipe\Documents\UNIRIO\Bibliotecas Java\Jena-2.6.4\lib\iri-0.8.jar;C:\Users\Felipe\Documents\UNIRIO\Bibliotecas Java\Jena-2.6.4\lib\jena-2.6.4-tests.jar;C:\Users\Felipe\Documents\UNIRIO\Bibliotecas Java\Jena-2.6.4\lib\jena-2.6.4.jar;C:\Users\Felipe\Documents\UNIRIO\Bibliotecas Java\Jena-2.6.4\lib\junit-4.5.jar;C:\Users\Felipe\Documents\UNIRIO\Bibliotecas Java\Jena-2.6.4\lib\log4j-1.2.13.jar;C:\Users\Felipe\Documents\UNIRIO\Bibliotecas Java\Jena-2.6.4\lib\lucene-core-2.3.1.jar;C:\Users\Felipe\Documents\UNIRIO\Bibliotecas Java\Jena-2.6.4\lib\slf4j-api-1.5.8.jar;C:\Users\Felipe\Documents\UNIRIO\Bibliotecas Java\Jena-2.6.4\lib\slf4j-log4j12-1.5.8.jar;C:\Users\Felipe\Documents\UNIRIO\Bibliotecas Java\Jena-2.6.4\lib\stax-api-1.0.1.jar;C:\Users\Felipe\Documents\UNIRIO\Bibliotecas Java\Jena-2.6.4\lib\wstx-asl-3.2.9.jar;C:\Users\Felipe\Documents\UNIRIO\Bibliotecas Java\Jena-2.6.4\lib\xercesImpl-2.7.1.jar" />
    <property name="libs.spring-webmvc.classpath" value="C:\Program Files\NetBeans 6.9.1\enterprise\modules\ext\spring\spring-webmvc-2.5.6.SEC01.jar" />
    <property name="javac.compilerargs" value="" />
    <property name="ant.file" value="C:\Users\Felipe\Documents\UNIRIO\IC\Orion\Orion\build.xml" />
    <property name="libs.beans-binding.maven-pom" value="" />
    <property name="libs.jsf12.classpath" value="C:\Program Files\NetBeans 6.9.1\enterprise\modules\ext\jsf-1_2\commons-beanutils.jar;C:\Program Files\NetBeans 6.9.1\enterprise\modules\ext\jsf-1_2\commons-collections.jar;C:\Program Files\NetBeans 6.9.1\enterprise\modules\ext\jsf-1_2\commons-digester.jar;C:\Program Files\NetBeans 6.9.1\enterprise\modules\ext\jsf-1_2\commons-logging.jar;C:\Program Files\NetBeans 6.9.1\enterprise\modules\ext\jsf-1_2\jsf-api.jar;C:\Program Files\NetBeans 6.9.1\enterprise\modules\ext\jsf-1_2\jsf-impl.jar" />
    <property name="sun.awt.exception.handler" value="org.netbeans.core.startup.TopLogging$AWTHandler" />
    <property name="libs.restapi.maven-pom" value="" />
    <property name="libs.beans-binding.src" value="" />
    <property name="libs.NetBeans MIDP Components PDA.javadoc" value="C:\Program Files\NetBeans 6.9.1\mobility\modules\docs\netbeans_midp_components_pda-api.zip" />
    <property name="java.vm.specification.vendor" value="Sun Microsystems Inc." />
    <property name="libs.DataBindingME-PIM.javadoc" value="C:\Program Files\NetBeans 6.9.1\mobility\modules\docs\netbeans_databindingme_pim-api.zip" />
    <property name="libs.swing-layout.src" value="C:\Program Files\NetBeans 6.9.1\platform\docs\swing-layout-1.0.4-src.zip" />
    <property name="libs.Java-EE-GlassFish-v3.embedabbleejb" value="" />
    <property name="libs.j2me_ant_ext.src" value="" />
    <property name="org.openide.major.version" value="IDE/1" />
    <property name="java.vm.name" value="Java HotSpot(TM) Client VM" />
    <property name="netbeans.user" value="C:\Users\Felipe\.netbeans\6.9" />
    <property name="javadoc.additionalparam" value="" />
    <property name="libs.ricoh-ant-utils.classpath" value="C:\Program Files\NetBeans 6.9.1\mobility\modules\ext\org-netbeans-modules-j2me-cdc-project-ricoh.jar;C:\Program Files\NetBeans 6.9.1\mobility\modules\ext\RicohAntTasks-2.0.jar;C:\Program Files\NetBeans 6.9.1\mobility\modules\ext\commons-httpclient-3.0.jar;C:\Program Files\NetBeans 6.9.1\ide\modules\ext\commons-logging-1.1.jar;C:\Program Files\NetBeans 6.9.1\mobility\modules\ext\commons-codec-1.3.jar" />
    <property name="java.io.tmpdir" value="C:\Users\Felipe\AppData\Local\Temp\" />
    <property name="java.vendor.url" value="http://java.sun.com/" />
    <property name="endorsed.classpath.cmd.line.arg" value="" />
    <property name="libs.jsp-compiler.src" value="" />
    <property name="sun.boot.library.path" value="C:\Program Files\Java\jdk1.6.0_23\jre\bin" />
    <property name="have.sources" value="true" />
    <property name="debug.classpath" value="C:\Users\Felipe\Documents\UNIRIO\Bibliotecas Java\Jena-2.6.4\lib\arq-2.8.7.jar;C:\Users\Felipe\Documents\UNIRIO\Bibliotecas Java\Jena-2.6.4\lib\icu4j-3.4.4.jar;C:\Users\Felipe\Documents\UNIRIO\Bibliotecas Java\Jena-2.6.4\lib\iri-0.8.jar;C:\Users\Felipe\Documents\UNIRIO\Bibliotecas Java\Jena-2.6.4\lib\jena-2.6.4-tests.jar;C:\Users\Felipe\Documents\UNIRIO\Bibliotecas Java\Jena-2.6.4\lib\jena-2.6.4.jar;C:\Users\Felipe\Documents\UNIRIO\Bibliotecas Java\Jena-2.6.4\lib\junit-4.5.jar;C:\Users\Felipe\Documents\UNIRIO\Bibliotecas Java\Jena-2.6.4\lib\log4j-1.2.13.jar;C:\Users\Felipe\Documents\UNIRIO\Bibliotecas Java\Jena-2.6.4\lib\lucene-core-2.3.1.jar;C:\Users\Felipe\Documents\UNIRIO\Bibliotecas Java\Jena-2.6.4\lib\slf4j-api-1.5.8.jar;C:\Users\Felipe\Documents\UNIRIO\Bibliotecas Java\Jena-2.6.4\lib\slf4j-log4j12-1.5.8.jar;C:\Users\Felipe\Documents\UNIRIO\Bibliotecas Java\Jena-2.6.4\lib\stax-api-1.0.1.jar;C:\Users\Felipe\Documents\UNIRIO\Bibliotecas Java\Jena-2.6.4\lib\wstx-asl-3.2.9.jar;C:\Users\Felipe\Documents\UNIRIO\Bibliotecas Java\Jena-2.6.4\lib\xercesImpl-2.7.1.jar:build/classes" />
    <property name="javadoc.private" value="false" />
    <property name="test.src.dir" value="test" />
    <property name="libs.jsf20.classpath" value="C:\Program Files\NetBeans 6.9.1\enterprise\modules\ext\jsf-2_0\jsf-api.jar;C:\Program Files\NetBeans 6.9.1\enterprise\modules\ext\jsf-2_0\jsf-impl.jar" />
    <property name="meta.inf.dir" value="src/META-INF" />
    <property name="javadoc.encoding.used" value="UTF-8" />
    <property name="libs.DataBindingME-SVG.src" value="" />
    <property name="ant.file.Orion-impl" value="C:\Users\Felipe\Documents\UNIRIO\IC\Orion\Orion\nbproject\build-impl.xml" />
    <property name="dist.jar" value="dist/Orion.jar" />
    <property name="java.runtime.name" value="Java(TM) SE Runtime Environment" />
    <property name="ant.project.name" value="OntoForte" />
    <property name="netbeans.hash.code" value="unique=NB_GFMOD_GROOVY_JAVA_JC_MOB_WEBEE07d093ffe-0f8e-4257-9cc8-d8b5e1636f87_ce594db3-dc29-4c36-a327-4b0288ce46a9" />
    <property name="libs.j2me_ant_ext.maven-pom" value="" />
    <property name="sun.cpu.isalist" value="pentium_pro+mmx pentium_pro pentium+mmx pentium i486 i386 i86" />
    <property name="libs.CopyLibs.javadoc" value="" />
    <property name="org.openide.specification.version" value="6.2" />
    <property name="libs.ActiveSync.javadoc" value="" />
    <property name="libs.hibernate-support.classpath" value="C:\Program Files\NetBeans 6.9.1\java\modules\ext\hibernate\antlr-2.7.6.jar;C:\Program Files\NetBeans 6.9.1\java\modules\ext\hibernate\asm.jar;C:\Program Files\NetBeans 6.9.1\java\modules\ext\hibernate\asm-attrs.jar;C:\Program Files\NetBeans 6.9.1\java\modules\ext\hibernate\cglib-2.1.3.jar;C:\Program Files\NetBeans 6.9.1\java\modules\ext\hibernate\commons-collections-2.1.1.jar;C:\Program Files\NetBeans 6.9.1\ide\modules\ext\commons-logging-1.1.jar;C:\Program Files\NetBeans 6.9.1\java\modules\ext\hibernate\dom4j-1.6.1.jar;C:\Program Files\NetBeans 6.9.1\java\modules\ext\hibernate\ehcache-1.2.3.jar;C:\Program Files\NetBeans 6.9.1\java\modules\ext\hibernate\jdbc2_0-stdext.jar;C:\Program Files\NetBeans 6.9.1\java\modules\ext\hibernate\jta.jar;C:\Program Files\NetBeans 6.9.1\java\modules\ext\hibernate\hibernate3.jar;C:\Program Files\NetBeans 6.9.1\java\modules\ext\hibernate\hibernate-tools.jar;C:\Program Files\NetBeans 6.9.1\java\modules\ext\hibernate\hibernate-annotations.jar;C:\Program Files\NetBeans 6.9.1\java\modules\ext\hibernate\hibernate-commons-annotations.jar;C:\Program Files\NetBeans 6.9.1\java\modules\ext\hibernate\hibernate-entitymanager.jar;C:\Program Files\NetBeans 6.9.1\java\modules\ext\hibernate\javassist.jar" />
    <property name="libs.DataBindingME-PIM.classpath" value="C:\Program Files\NetBeans 6.9.1\mobility\modules\ext\netbeans_databindingme_pim.jar" />
    <property name="user.home" value="C:\Users\Felipe" />
    <property name="annotation.processing.processors.list" value="" />
    <property name="debug-args-line" value="-Xdebug" />
    <property name="libs.NetBeans MIDP Components.classpath" value="C:\Program Files\NetBeans 6.9.1\mobility\modules\ext\netbeans_midp_components_basic.jar" />
    <property name="libs.javaee-api-6.0.maven-pom" value="" />
    <property name="libs.JWSAntTasks.src" value="" />
    <property name="jar.index" value="false" />
    <property name="libs.CopyLibs.maven-pom" value="" />
    <property name="libs.absolutelayout.javadoc" value="" />
    <property name="libs.spring-framework300.javadoc" value="" />
    <property name="libs.hibernate-persistence.maven-pom" value="" />
    <property name="java.specification.name" value="Java Platform API Specification" />
    <property name="libs.JenaLibs.maven-pom" value="" />
    <property name="libs.Spring-3.0.5.classpath" value="C:\Users\Felipe\Documents\UNIRIO\Bibliotecas Java\Spring-3.0.5\aopalliance-1.0.jar;C:\Users\Felipe\Documents\UNIRIO\Bibliotecas Java\Spring-3.0.5\commons-logging-1.1.1.jar;C:\Users\Felipe\Documents\UNIRIO\Bibliotecas Java\Spring-3.0.5\org.springframework.aop-3.0.5.RELEASE.jar;C:\Users\Felipe\Documents\UNIRIO\Bibliotecas Java\Spring-3.0.5\org.springframework.asm-3.0.5.RELEASE.jar;C:\Users\Felipe\Documents\UNIRIO\Bibliotecas Java\Spring-3.0.5\org.springframework.aspects-3.0.5.RELEASE.jar;C:\Users\Felipe\Documents\UNIRIO\Bibliotecas Java\Spring-3.0.5\org.springframework.beans-3.0.5.RELEASE.jar;C:\Users\Felipe\Documents\UNIRIO\Bibliotecas Java\Spring-3.0.5\org.springframework.context-3.0.5.RELEASE.jar;C:\Users\Felipe\Documents\UNIRIO\Bibliotecas Java\Spring-3.0.5\org.springframework.context.support-3.0.5.RELEASE.jar;C:\Users\Felipe\Documents\UNIRIO\Bibliotecas Java\Spring-3.0.5\org.springframework.core-3.0.5.RELEASE.jar;C:\Users\Felipe\Documents\UNIRIO\Bibliotecas Java\Spring-3.0.5\org.springframework.expression-3.0.5.RELEASE.jar;C:\Users\Felipe\Documents\UNIRIO\Bibliotecas Java\Spring-3.0.5\org.springframework.instrument-3.0.5.RELEASE.jar;C:\Users\Felipe\Documents\UNIRIO\Bibliotecas Java\Spring-3.0.5\org.springframework.instrument.tomcat-3.0.5.RELEASE.jar;C:\Users\Felipe\Documents\UNIRIO\Bibliotecas Java\Spring-3.0.5\org.springframework.jdbc-3.0.5.RELEASE.jar;C:\Users\Felipe\Documents\UNIRIO\Bibliotecas Java\Spring-3.0.5\org.springframework.jms-3.0.5.RELEASE.jar;C:\Users\Felipe\Documents\UNIRIO\Bibliotecas Java\Spring-3.0.5\org.springframework.orm-3.0.5.RELEASE.jar;C:\Users\Felipe\Documents\UNIRIO\Bibliotecas Java\Spring-3.0.5\org.springframework.oxm-3.0.5.RELEASE.jar;C:\Users\Felipe\Documents\UNIRIO\Bibliotecas Java\Spring-3.0.5\org.springframework.test-3.0.5.RELEASE.jar;C:\Users\Felipe\Documents\UNIRIO\Bibliotecas Java\Spring-3.0.5\org.springframework.transaction-3.0.5.RELEASE.jar;C:\Users\Felipe\Documents\UNIRIO\Bibliotecas Java\Spring-3.0.5\org.springframework.web-3.0.5.RELEASE.jar;C:\Users\Felipe\Documents\UNIRIO\Bibliotecas Java\Spring-3.0.5\org.springframework.web.portlet-3.0.5.RELEASE.jar;C:\Users\Felipe\Documents\UNIRIO\Bibliotecas Java\Spring-3.0.5\org.springframework.web.servlet-3.0.5.RELEASE.jar;C:\Users\Felipe\Documents\UNIRIO\Bibliotecas Java\Spring-3.0.5\org.springframework.web.struts-3.0.5.RELEASE.jar" />
    <property name="libs.swing-app-framework.maven-pom" value="" />
    <property name="libs.NetBeans MIDP Components WMA.classpath" value="C:\Program Files\NetBeans 6.9.1\mobility\modules\ext\netbeans_midp_components_wma.jar" />
    <property name="libs.jakarta_slide_ant_webdav.maven-pom" value="" />
    <property name="libs.sjmc-ant-utils.src" value="" />
    <property name="java.specification.vendor" value="Sun Microsystems Inc." />
    <property name="libs.cdc-agui-swing-layout.javadoc" value="" />
    <property name="libs.javac-api.classpath" value="C:\Program Files\NetBeans 6.9.1\java\modules\ext\javac-api-nb-7.0-b07.jar" />
    <property name="java.version" value="1.6.0_23" />
    <property name="libs.nokiaS80-ant-utils.classpath" value="C:\Program Files\NetBeans 6.9.1\mobility\modules\ext\org-netbeans-modules-j2me-cdc-project-nokiaS80.jar" />
    <property name="javadoc.version" value="false" />
    <property name="libs.NetBeans MIDP Components WMA.javadoc" value="C:\Program Files\NetBeans 6.9.1\mobility\modules\docs\netbeans_midp_components_wma-api.zip" />
    <property name="libs.MySQLDriver.javadoc" value="" />
    <property name="org.openide.version" value="deprecated" />
    <property name="libs.restlib_gfv3ee6.maven-pom" value="" />
    <property name="source.encoding" value="UTF-8" />
    <property name="libs.ActiveSync.maven-pom" value="" />
    <property name="ap.cmd.line.internal" value="" />
    <property name="platforms.Java_TM__Platform_Micro_Edition_SDK_3_0.home" value="C:\Program Files\NetBeans 6.9.1\mobility\Java_ME_platform_SDK_3.0" />
    <property name="libs.junit.maven-pom" value="" />
    <property name="libs.metro.javadoc" value="C:\Program Files\NetBeans 6.9.1\enterprise\docs\metro-1.4-doc.zip" />
    <property name="libs.struts.maven-pom" value="" />
    <property name="netbeans.home+have.tests" value="true" />
    <property name="annotation.processing.processor.options" value="" />
    <property name="platforms.Java_TM__Platform_Micro_Edition_SDK_3_0.runcommandline" value="" />
    <property name="libs.IdentityAntTasks.maven-pom" value="" />
    <property name="libs.jaxb.src" value="" />
    <property name="libs.Java-EE-GlassFish-v3.wsgenerate" value="" />
    <property name="work.dir" value="C:\Users\Felipe\Documents\UNIRIO\IC\Orion\Orion" />
    <property name="libs.cdc-ant-utils.src" value="" />
    <property name="libs.jaxb.classpath" value="C:\Program Files\NetBeans 6.9.1\ide\modules\ext\jaxb\jaxb-impl.jar;C:\Program Files\NetBeans 6.9.1\ide\modules\ext\jaxb\jaxb-xjc.jar;C:\Program Files\NetBeans 6.9.1\ide\modules\ext\jaxb\jaxb1-impl.jar;C:\Program Files\NetBeans 6.9.1\ide\modules\ext\jaxb\activation.jar;C:\Program Files\NetBeans 6.9.1\ide\modules\ext\jaxb\api\jaxb-api.jar;C:\Program Files\NetBeans 6.9.1\ide\modules\ext\jaxb\api\jsr173_api.jar" />
    <property name="do.depend" value="false" />
    <property name="dist.javadoc.dir" value="dist/javadoc" />
    <property name="libs.spring-webmvc3.0.classpath" value="C:\Program Files\NetBeans 6.9.1\java\modules\ext\spring-3.0\spring-webmvc-3.0.2.RELEASE.jar" />
    <property name="libs.swing-layout.classpath" value="C:\Program Files\NetBeans 6.9.1\platform\modules\ext\swing-layout-1.0.4.jar" />
    <property name="libs.restlib.src" value="" />
    <property name="javac.source" value="1.5" />
    <property name="build.generated.dir" value="build/generated" />
    <property name="line.separator" value="
" />
    <property name="libs.proguard.src" value="" />
    <property name="libs.hibernate-persistence.src" value="" />
    <property name="libs.nb_svg_midp_components.javadoc" value="C:\Program Files\NetBeans 6.9.1\mobility\modules\docs\nb_svg_midp_components-api.zip" />
    <property name="java.specification.version" value="1.6" />
    <property name="java.vm.info" value="mixed mode, sharing" />
    <property name="libs.jaxws21.maven-pom" value="" />
    <property name="libs.cdc-ant-utils.javadoc" value="" />
    <property name="libs.ojec-ant-utils.classpath" value="C:\Users\Felipe\.netbeans\6.9\modules\ext\org-netbeans-modules-j2me-cdc-project-ojec.jar" />
    <property name="libs.spring-framework.maven-pom" value="" />
    <property name="sun.boot.class.path" value="C:\Program Files\Java\jdk1.6.0_23\jre\lib\resources.jar;C:\Program Files\Java\jdk1.6.0_23\jre\lib\rt.jar;C:\Program Files\Java\jdk1.6.0_23\jre\lib\sunrsasign.jar;C:\Program Files\Java\jdk1.6.0_23\jre\lib\jsse.jar;C:\Program Files\Java\jdk1.6.0_23\jre\lib\jce.jar;C:\Program Files\Java\jdk1.6.0_23\jre\lib\charsets.jar;C:\Program Files\Java\jdk1.6.0_23\jre\lib\modules\jdk.boot.jar;C:\Program Files\Java\jdk1.6.0_23\jre\classes" />
    <property name="javac.target" value="1.5" />
    <property name="built-jar.properties" value="C:\Users\Felipe\Documents\UNIRIO\IC\Orion\Orion\build\built-jar.properties" />
    <property name="build.test.classes.dir" value="build/test/classes" />
    <property name="platforms.Java_TM__Platform_Micro_Edition_SDK_3_0.debugcommandline" value="" />
    <property name="src.dir" value="src" />
    <property name="libs.IdentityAntTasks.javadoc" value="" />
    <property name="sun.awt.keepWorkingSetOnMinimize" value="true" />
    <property name="annotation.processing.enabled" value="true" />
    <property name="libs.jsf20.src" value="" />
    <property name="libs.proguard.maven-pom" value="" />
    <property name="libs.DataBindingME-SVG.maven-pom" value="" />
    <property name="libs.jsf12.src" value="" />
    <property name="libs.nokiadeployment.src" value="" />
    <property name="libs.savaje-ant-utils.javadoc" value="" />
    <property name="libs.struts.javadoc" value="C:\Program Files\NetBeans 6.9.1\enterprise\docs\struts-1.3.8-javadoc.zip" />
    <property name="libs.Comet-GlassFish-v3.classpath" value="C:\Program Files\glassfish-3.0.1\glassfish\modules\grizzly-comet.jar" />
    <property name="libs.cdc-ant-utils.maven-pom" value="" />
    <property name="libs.restlib_gfv3ee6.javadoc" value="C:\Program Files\NetBeans 6.9.1\enterprise\docs\jsr311-api-1.1.1-javadoc.zip" />
    <property name="libs.cdc-agui-swing-layout.classpath" value="C:\Program Files\NetBeans 6.9.1\mobility\modules\ext\cdc-agui-swing-layout.jar" />
    <property name="dist.dir" value="dist" />
    <property name="libs.groovy-all.javadoc" value="" />
    <property name="do.archive+manifest.available+main.class" value="true" />
    <property name="libs.groovy-all.classpath" value="C:\Program Files\NetBeans 6.9.1\groovy\modules\ext\groovy-all.jar" />
    <property name="javac.fork" value="false" />
    <property name="libs.sjmc-ant-utils.classpath" value="C:\Program Files\NetBeans 6.9.1\mobility\modules\ext\org-netbeans-modules-j2me-cdc-project-sjmc.jar" />
    <property name="libs.JMUnit4CLDC10.classpath" value="C:\Program Files\NetBeans 6.9.1\mobility\modules\ext\jmunit4cldc10-1.2.1.jar" />
    <property name="java.awt.printerjob" value="sun.awt.windows.WPrinterJob" />
    <property name="default.javac.source" value="1.6" />
    <property name="debug-transport-by-os" value="dt_shmem" />
    <property name="sun.jnu.encoding" value="Cp1252" />
    <property name="libs.MySQLDriver.src" value="" />
    <property name="libs.ant-contrib.maven-pom" value="" />
    <property name="libs.nokiadeployment.javadoc" value="" />
    <property name="build.test.results.dir" value="build/test/results" />
    <property name="java.runtime.version" value="1.6.0_23-b05" />
    <property name="libs.ejb3-persistence.javadoc" value="" />
    <property name="libs.NetBeans MIDP Components.src" value="C:\Program Files\NetBeans 6.9.1\mobility\sources\netbeans_midp_components_basic-src.zip" />
    <property name="manifest.available+main.class+mkdist.available" value="true" />
    <property name="libs.sjmc-ant-utils.javadoc" value="" />
    <property name="default.javac.target" value="1.6" />
    <property name="libs.Java-EE-GlassFish-v3.src" value="" />
    <property name="libs.junit_4.classpath" value="C:\Program Files\NetBeans 6.9.1\platform\modules\ext\junit-4.5.jar" />
    <property name="user.timezone" value="" />
    <property name="do.jar" value="true" />
    <property name="platforms.CDC_Java_TM__Platform_Micro_Edition_SDK_3.0.home" value="C:\Program Files\NetBeans 6.9.1\mobility\Java_ME_platform_SDK_3.0" />
    <property name="libs.ant-contrib.src" value="" />
    <property name="libs.javaee-endorsed-api-6.0.maven-pom" value="" />
    <property name="netbeans.dirs" value="C:\Program Files\NetBeans 6.9.1\nb;C:\Program Files\NetBeans 6.9.1\ide;C:\Program Files\NetBeans 6.9.1\java;C:\Program Files\NetBeans 6.9.1\ergonomics;C:\Program Files\NetBeans 6.9.1\xml;C:\Program Files\NetBeans 6.9.1\apisupport;C:\Program Files\NetBeans 6.9.1\webcommon;C:\Program Files\NetBeans 6.9.1\websvccommon;C:\Program Files\NetBeans 6.9.1\enterprise;C:\Program Files\NetBeans 6.9.1\mobility;C:\Program Files\NetBeans 6.9.1\profiler;C:\Program Files\NetBeans 6.9.1\ruby;C:\Program Files\NetBeans 6.9.1\python;C:\Program Files\NetBeans 6.9.1\php;C:\Program Files\NetBeans 6.9.1\visualweb;C:\Program Files\NetBeans 6.9.1\soa;C:\Program Files\NetBeans 6.9.1\identity;C:\Program Files\NetBeans 6.9.1\uml;C:\Program Files\NetBeans 6.9.1\harness;C:\Program Files\NetBeans 6.9.1\cnd;C:\Program Files\NetBeans 6.9.1\dlight;C:\Program Files\NetBeans 6.9.1\groovy;C:\Program Files\NetBeans 6.9.1\extra;C:\Program Files\NetBeans 6.9.1\javafx;C:\Program Files\NetBeans 6.9.1\javacard" />
    <property name="ant.file.type.Orion-impl" value="file" />
    <property name="libs.jsf20.javadoc" value="C:\Program Files\NetBeans 6.9.1\enterprise\docs\javaee6-doc-api.zip" />
    <property name="libs.restlib_gfv3ee6.src" value="" />
    <property name="java.ext.dirs" value="C:\Program Files\Java\jdk1.6.0_23\jre\lib\ext;C:\Windows\Sun\Java\lib\ext" />
    <property name="libs.metro.src" value="" />
    <property name="endorsed.classpath" value="" />
    <property name="libs.semc-ant-utils.src" value="" />
    <property name="libs.savaje-ant-utils.maven-pom" value="" />
    <property name="libs.absolutelayout.classpath" value="C:\Program Files\NetBeans 6.9.1\java\modules\ext\AbsoluteLayout.jar" />
    <property name="excludes" value="" />
    <property name="libs.metro.classpath" value="C:\Program Files\NetBeans 6.9.1\ide\modules\ext\jaxb\activation.jar;C:\Program Files\NetBeans 6.9.1\enterprise\modules\ext\metro\webservices-api.jar;C:\Program Files\NetBeans 6.9.1\enterprise\modules\ext\metro\webservices-extra-api.jar;C:\Program Files\NetBeans 6.9.1\enterprise\modules\ext\metro\webservices-extra.jar;C:\Program Files\NetBeans 6.9.1\enterprise\modules\ext\metro\webservices-rt.jar;C:\Program Files\NetBeans 6.9.1\enterprise\modules\ext\metro\webservices-tools.jar" />
    <property name="libs.restlib.maven-pom" value="" />
    <property name="libs.DataBindingME.javadoc" value="C:\Program Files\NetBeans 6.9.1\mobility\modules\docs\netbeans_databindingme-api.zip" />
    <property name="java.class.path" value="C:\Users\Felipe\Documents\UNIRIO\Bibliotecas Java\Jena-2.6.4\lib\arq-2.8.7.jar;C:\Users\Felipe\Documents\UNIRIO\Bibliotecas Java\Jena-2.6.4\lib\icu4j-3.4.4.jar;C:\Users\Felipe\Documents\UNIRIO\Bibliotecas Java\Jena-2.6.4\lib\iri-0.8.jar;C:\Users\Felipe\Documents\UNIRIO\Bibliotecas Java\Jena-2.6.4\lib\jena-2.6.4-tests.jar;C:\Users\Felipe\Documents\UNIRIO\Bibliotecas Java\Jena-2.6.4\lib\jena-2.6.4.jar;C:\Users\Felipe\Documents\UNIRIO\Bibliotecas Java\Jena-2.6.4\lib\junit-4.5.jar;C:\Users\Felipe\Documents\UNIRIO\Bibliotecas Java\Jena-2.6.4\lib\log4j-1.2.13.jar;C:\Users\Felipe\Documents\UNIRIO\Bibliotecas Java\Jena-2.6.4\lib\lucene-core-2.3.1.jar;C:\Users\Felipe\Documents\UNIRIO\Bibliotecas Java\Jena-2.6.4\lib\slf4j-api-1.5.8.jar;C:\Users\Felipe\Documents\UNIRIO\Bibliotecas Java\Jena-2.6.4\lib\slf4j-log4j12-1.5.8.jar;C:\Users\Felipe\Documents\UNIRIO\Bibliotecas Java\Jena-2.6.4\lib\stax-api-1.0.1.jar;C:\Users\Felipe\Documents\UNIRIO\Bibliotecas Java\Jena-2.6.4\lib\wstx-asl-3.2.9.jar;C:\Users\Felipe\Documents\UNIRIO\Bibliotecas Java\Jena-2.6.4\lib\xercesImpl-2.7.1.jar;C:\Users\Felipe\Documents\UNIRIO\IC\Orion\Orion\build\classes;C:\Program Files\NetBeans 6.9.1\platform\modules\ext\junit-4.5.jar;C:\Users\Felipe\Documents\UNIRIO\IC\Orion\Orion\build\test\classes;C:\Program Files\NetBeans 6.9.1\java\ant\lib\ant-launcher.jar;C:\Program Files\NetBeans 6.9.1\java\ant\lib\ant.jar;C:\Program Files\NetBeans 6.9.1\java\ant\patches\72080.jar" />
    <property name="apple.laf.useScreenMenuBar" value="true" />
    <property name="do.mkdist" value="true" />
    <property name="libs.absolutelayout.src" value="" />
    <property name="libs.cdc-pp-awt-layout.maven-pom" value="" />
    <property name="os.version" value="6.1" />
    <property name="application.args" value="" />
    <property name="libs.EclipseLink-GlassFish-v3.javadoc" value="C:\Program Files\NetBeans 6.9.1\enterprise\docs\javaee6-doc-api.zip" />
    <property name="main.class.available" value="true" />
    <property name="libs.JMUnit4CLDC11.maven-pom" value="" />
    <property name="libs.toplink.javadoc" value="C:\Program Files\NetBeans 6.9.1\enterprise\docs\javaee6-doc-api.zip" />
    <property name="sun.desktop" value="windows" />
    <property name="libs.nb_svg_midp_components.maven-pom" value="" />
    <property name="libs.Comet-GlassFish-v3.src" value="" />
    <property name="libs.ricoh-ant-utils.javadoc" value="" />
    <property name="libs.Jena-2.6.4.maven-pom" value="" />
    <property name="libs.NetBeans MIDP Components PDA.maven-pom" value="" />
    <property name="libs.restlib.javadoc" value="C:\Program Files\NetBeans 6.9.1\enterprise\docs\jersey-client-1.1.5.1-javadoc.zip;C:\Program Files\NetBeans 6.9.1\enterprise\docs\jersey-core-1.1.5.1-javadoc.zip;C:\Program Files\NetBeans 6.9.1\enterprise\docs\jersey-json-1.1.5.1-javadoc.zip;C:\Program Files\NetBeans 6.9.1\enterprise\docs\jersey-spring-1.1.5.1-javadoc.zip;C:\Program Files\NetBeans 6.9.1\enterprise\docs\oauth-client-1.1.5.1-javadoc.zip;C:\Program Files\NetBeans 6.9.1\enterprise\docs\oauth-signature-1.1.5.1-javadoc.zip" />
    <property name="libs.eclipselink.classpath" value="C:\Program Files\NetBeans 6.9.1\java\modules\ext\eclipselink\eclipselink-2.0.2.jar;C:\Program Files\NetBeans 6.9.1\java\modules\ext\eclipselink\eclipselink-javax.persistence-2.0.jar" />
    <property name="libs.beans-binding.javadoc" value="C:\Program Files\NetBeans 6.9.1\java\docs\beansbinding-1.2.1-doc.zip" />
    <property name="java.awt.graphicsenv" value="sun.awt.Win32GraphicsEnvironment" />
    <property name="libs.Java-EE-GlassFish-v3.classpath" value="C:\Program Files\glassfish-3.0.1\glassfish\modules\javax.security.jacc.jar;C:\Program Files\glassfish-3.0.1\glassfish\modules\endorsed\jaxb-api-osgi.jar;C:\Program Files\glassfish-3.0.1\glassfish\modules\bean-validator.jar;C:\Program Files\glassfish-3.0.1\glassfish\modules\javax.jms.jar;C:\Program Files\glassfish-3.0.1\glassfish\modules\javax.ejb.jar;C:\Program Files\glassfish-3.0.1\glassfish\modules\jsr311-api.jar;C:\Program Files\glassfish-3.0.1\glassfish\modules\javax.security.auth.message.jar;C:\Program Files\glassfish-3.0.1\glassfish\modules\javax.servlet.jsp.jar;C:\Program Files\glassfish-3.0.1\glassfish\modules\javax.enterprise.deploy.jar;C:\Program Files\glassfish-3.0.1\glassfish\modules\endorsed\javax.annotation.jar;C:\Program Files\glassfish-3.0.1\glassfish\modules\javax.resource.jar;C:\Program Files\glassfish-3.0.1\glassfish\modules\mail.jar;C:\Program Files\glassfish-3.0.1\glassfish\modules\javax.transaction.jar;C:\Program Files\glassfish-3.0.1\glassfish\modules\jsf-impl.jar;C:\Program Files\glassfish-3.0.1\glassfish\modules\weld-osgi-bundle.jar;C:\Program Files\glassfish-3.0.1\glassfish\modules\jstl-impl.jar;C:\Program Files\glassfish-3.0.1\glassfish\modules\javax.management.j2ee.jar;C:\Program Files\glassfish-3.0.1\glassfish\modules\javax.servlet.jar;C:\Program Files\glassfish-3.0.1\glassfish\modules\jsf-api.jar;C:\Program Files\glassfish-3.0.1\glassfish\modules\endorsed\webservices-api-osgi.jar;C:\Program Files\glassfish-3.0.1\glassfish\modules\javax.persistence.jar;C:\Program Files\glassfish-3.0.1\glassfish\modules\javax.servlet.jsp.jstl.jar;C:\Program Files\glassfish-3.0.1\glassfish\modules\web-core.jar" />
    <property name="java.vm.vendor" value="Sun Microsystems Inc." />
    <property name="libs.CopyLibs.classpath" value="C:\Users\Felipe\.netbeans\6.9\ant\extra\org-netbeans-modules-java-j2seproject-copylibstask.jar" />
    <property name="ant.file.-profiler-impl" value="C:\Users\Felipe\Documents\UNIRIO\IC\Orion\Orion\nbproject\profiler-build-impl.xml" />
    <property name="libs.spring-framework300.classpath" value="C:\Program Files\NetBeans 6.9.1\ide\modules\ext\commons-logging-1.1.jar;C:\Program Files\NetBeans 6.9.1\java\modules\ext\cglib-2.2.jar;C:\Program Files\NetBeans 6.9.1\java\modules\ext\spring-3.0\spring-aop-3.0.2.RELEASE.jar;C:\Program Files\NetBeans 6.9.1\java\modules\ext\spring-3.0\spring-asm-3.0.2.RELEASE.jar;C:\Program Files\NetBeans 6.9.1\java\modules\ext\spring-3.0\spring-aspects-3.0.2.RELEASE.jar;C:\Program Files\NetBeans 6.9.1\java\modules\ext\spring-3.0\spring-beans-3.0.2.RELEASE.jar;C:\Program Files\NetBeans 6.9.1\java\modules\ext\spring-3.0\spring-context-3.0.2.RELEASE.jar;C:\Program Files\NetBeans 6.9.1\java\modules\ext\spring-3.0\spring-context-support-3.0.2.RELEASE.jar;C:\Program Files\NetBeans 6.9.1\java\modules\ext\spring-3.0\spring-core-3.0.2.RELEASE.jar;C:\Program Files\NetBeans 6.9.1\java\modules\ext\spring-3.0\spring-expression-3.0.2.RELEASE.jar;C:\Program Files\NetBeans 6.9.1\java\modules\ext\spring-3.0\spring-instrument-3.0.2.RELEASE.jar;C:\Program Files\NetBeans 6.9.1\java\modules\ext\spring-3.0\spring-instrument-tomcat-3.0.2.RELEASE.jar;C:\Program Files\NetBeans 6.9.1\java\modules\ext\spring-3.0\spring-jdbc-3.0.2.RELEASE.jar;C:\Program Files\NetBeans 6.9.1\java\modules\ext\spring-3.0\spring-jms-3.0.2.RELEASE.jar;C:\Program Files\NetBeans 6.9.1\java\modules\ext\spring-3.0\spring-orm-3.0.2.RELEASE.jar;C:\Program Files\NetBeans 6.9.1\java\modules\ext\spring-3.0\spring-oxm-3.0.2.RELEASE.jar;C:\Program Files\NetBeans 6.9.1\java\modules\ext\spring-3.0\spring-test-3.0.2.RELEASE.jar;C:\Program Files\NetBeans 6.9.1\java\modules\ext\spring-3.0\spring-tx-3.0.2.RELEASE.jar;C:\Program Files\NetBeans 6.9.1\java\modules\ext\spring-3.0\spring-web-3.0.2.RELEASE.jar;C:\Program Files\NetBeans 6.9.1\java\modules\ext\spring-3.0\spring-webmvc-portlet-3.0.2.RELEASE.jar;C:\Program Files\NetBeans 6.9.1\java\modules\ext\spring-3.0\spring-webmvc-3.0.2.RELEASE.jar;C:\Program Files\NetBeans 6.9.1\java\modules\ext\spring-3.0\spring-struts-3.0.2.RELEASE.jar" />
    <property name="libs.jsp-compiler.maven-pom" value="" />
    <property name="libs.spring-webmvc.maven-pom" value="" />
    <property name="libs.Java-EE-GlassFish-v3.wsinterop" value="" />
    <property name="run.jvmargs" value="" />
    <property name="libs.ejb3-persistence.classpath" value="C:\Program Files\NetBeans 6.9.1\java\modules\ext\hibernate\ejb3-persistence.jar" />
    <property name="platforms.Java_TM__Platform_Micro_Edition_SDK_3_0.type" value="UEI-1.0.1" />
    <property name="libs.spring-framework.javadoc" value="" />
    <property name="libs.DataBindingME-PIM.src" value="" />
    <property name="libs.PostgreSQLDriver.classpath" value="C:\Program Files\NetBeans 6.9.1\ide\modules\ext\postgresql-8.3-603.jdbc3.jar" />
    <property name="libs.jsf12.maven-pom" value="" />
    <property name="libs.junit.src" value="" />
    <property name="annotation.processing.source.output" value="build/generated-sources/ap-source-output" />
    <property name="main.class" value="view.Main" />
    <property name="libs.CopyLibs.src" value="" />
    <property name="build.dir" value="build" />
    <property name="libs.jsp-compilation.classpath" value="C:\Program Files\NetBeans 6.9.1\java\ant\lib\ant.jar;C:\Program Files\NetBeans 6.9.1\enterprise\modules\ext\servlet2.5-jsp2.1-api.jar;C:\Program Files\NetBeans 6.9.1\enterprise\modules\ext\glassfish-jspparser-2.0.jar;C:\Program Files\NetBeans 6.9.1\enterprise\modules\ext\glassfish-logging-2.0.jar;C:\Program Files\NetBeans 6.9.1\ide\modules\ext\commons-logging-1.1.jar;C:\Program Files\NetBeans 6.9.1\java\ant\lib\ant-launcher.jar" />
    <property name="ant.version" value="Apache Ant version 1.8.1 compiled on April 30 2010" />
    <property name="file.encoding" value="Cp1252" />
    <property name="build.classes.excludes" value="**/*.java,**/*.form" />
    <property name="javadoc.nonavbar" value="false" />
    <property name="platform.active" value="default_platform" />
    <property name="awt.toolkit" value="sun.awt.windows.WToolkit" />
  </properties>
  <testcase classname="br.uniriotec.orion.control.ForteInputGeneratorTest" name="testEscreverManualmenteGenerateConcepts" time="5.882" />
  <testcase classname="br.uniriotec.orion.control.ForteInputGeneratorTest" name="testGenerateConcepts" time="1.311" />
  <testcase classname="br.uniriotec.orion.control.ForteInputGeneratorTest" name="testGenerateRelationships" time="1.201" />
  <testcase classname="br.uniriotec.orion.control.ForteInputGeneratorTest" name="testGeneratePositiveExamples" time="1.654" />
  <testcase classname="br.uniriotec.orion.control.ForteInputGeneratorTest" name="testGenerateObjectAttributes" time="0.686" />
  <testcase classname="br.uniriotec.orion.control.ForteInputGeneratorTest" name="testGenerateNegativeExamples" time="0.78" />
  <testcase classname="br.uniriotec.orion.control.ForteInputGeneratorTest" name="testGenerateTopLevelPredicates" time="0.265" />
  <testcase classname="br.uniriotec.orion.control.ForteInputGeneratorTest" name="testGenerateTheory" time="0.328" />
  <system-out><![CDATA[
== Conceito ==
-- Nome: naoTitular
--- Axiom -> subClassOf: not Titular

== Conceito ==
-- Nome: Ex_Jogador
--- Axiom -> subClassOf: Jogador
--- Axiom -> disjointWith: naoTitular

== Conceito ==
-- Nome: naoApelido_Torcida
--- Axiom -> subClassOf: not Apelido_Torcida

== Conceito ==
-- Nome: Apelido_Time
--- Axiom -> subClassOf: Apelido
--- Axiom -> disjointWith: naoApelido_Torcida
--- Restriction -> Property: refereseTime, someValuesFrom: Time

== Conceito ==
-- Nome: naoTecnico
--- Axiom -> subClassOf: not Tecnico

== Conceito ==
-- Nome: Presidente
--- DatatypeProperty -> fimMandato([])
--- Axiom -> subClassOf: Funcionario
--- Axiom -> disjointWith: naoTecnico
--- Restriction -> Property: comandaClube, someValuesFrom: Time

== Conceito ==
-- Nome: naoTorcida
--- Axiom -> subClassOf: not Torcida

== Conceito ==
-- Nome: naoTime
--- Axiom -> subClassOf: not Time

== Conceito ==
-- Nome: naoPessoa
--- Axiom -> subClassOf: not Pessoa

== Conceito ==
-- Nome: naoPatrocinador
--- Axiom -> subClassOf: not Patrocinador

== Conceito ==
-- Nome: naoMascote
--- Axiom -> subClassOf: not Mascote

== Conceito ==
-- Nome: naoEstadio
--- Axiom -> subClassOf: not Estadio

== Conceito ==
-- Nome: Apelido
--- DatatypeProperty -> nome([])
--- Axiom -> subClassOf: Thing
--- Axiom -> disjointWith: naoTorcida
--- Axiom -> disjointWith: naoTime
--- Axiom -> disjointWith: naoPessoa
--- Axiom -> disjointWith: naoPatrocinador
--- Axiom -> disjointWith: naoMascote
--- Axiom -> disjointWith: naoEstadio

== Conceito ==
-- Nome: Torcida
--- DatatypeProperty -> nome([])
--- Axiom -> subClassOf: Thing
--- Restriction -> Property: torcePorTime, someValuesFrom: Time

== Conceito ==
-- Nome: naoTecnico
--- Axiom -> subClassOf: not Tecnico

== Conceito ==
-- Nome: naoPresidente
--- Axiom -> subClassOf: not Presidente

== Conceito ==
-- Nome: Membro_Comissao_Tecnica
--- Axiom -> subClassOf: Funcionario
--- Axiom -> disjointWith: naoTecnico
--- Axiom -> disjointWith: naoPresidente
--- Restriction -> Property: trabalhaEm, someValuesFrom: Time

== Conceito ==
-- Nome: naoTorcida
--- Axiom -> subClassOf: not Torcida

== Conceito ==
-- Nome: naoTime
--- Axiom -> subClassOf: not Time

== Conceito ==
-- Nome: naoPessoa
--- Axiom -> subClassOf: not Pessoa

== Conceito ==
-- Nome: naoPatrocinador
--- Axiom -> subClassOf: not Patrocinador

== Conceito ==
-- Nome: Mascote
--- DatatypeProperty -> nome([])
--- Axiom -> subClassOf: Thing
--- Axiom -> disjointWith: naoTorcida
--- Axiom -> disjointWith: naoTime
--- Axiom -> disjointWith: naoPessoa
--- Axiom -> disjointWith: naoPatrocinador
--- Restriction -> Property: simboliza, someValuesFrom: Time

== Conceito ==
-- Nome: Tecnico
--- Axiom -> subClassOf: Funcionario
--- Restriction -> Property: trabalhaEm, someValuesFrom: Time

== Conceito ==
-- Nome: Titular
--- Axiom -> subClassOf: Jogador

== Conceito ==
-- Nome: naoTorcida
--- Axiom -> subClassOf: not Torcida

== Conceito ==
-- Nome: naoTime
--- Axiom -> subClassOf: not Time

== Conceito ==
-- Nome: naoPessoa
--- Axiom -> subClassOf: not Pessoa

== Conceito ==
-- Nome: naoPatrocinador
--- Axiom -> subClassOf: not Patrocinador

== Conceito ==
-- Nome: naoMascote
--- Axiom -> subClassOf: not Mascote

== Conceito ==
-- Nome: Estadio
--- DatatypeProperty -> nome([])
--- Axiom -> subClassOf: Thing
--- Axiom -> disjointWith: naoTorcida
--- Axiom -> disjointWith: naoTime
--- Axiom -> disjointWith: naoPessoa
--- Axiom -> disjointWith: naoPatrocinador
--- Axiom -> disjointWith: naoMascote
--- Restriction -> Property: pertenceTime, someValuesFrom: Time

== Conceito ==
-- Nome: naoApelido_Torcida
--- Axiom -> subClassOf: not Apelido_Torcida

== Conceito ==
-- Nome: naoApelido_Time
--- Axiom -> subClassOf: not Apelido_Time

== Conceito ==
-- Nome: Apelido_Pessoa
--- Axiom -> subClassOf: Apelido
--- Axiom -> disjointWith: naoApelido_Torcida
--- Axiom -> disjointWith: naoApelido_Time
--- Restriction -> Property: referesePessoa, someValuesFrom: Pessoa

== Conceito ==
-- Nome: Apelido_Torcida
--- Axiom -> subClassOf: Apelido
--- Restriction -> Property: refereseTorcida, someValuesFrom: Torcida

== Conceito ==
-- Nome: Funcionario
--- DatatypeProperty -> sobrenome([])
--- DatatypeProperty -> primeiroNome([])
--- Axiom -> subClassOf: Pessoa

== Conceito ==
-- Nome: Jogador
--- DatatypeProperty -> posicaoCampo([])
--- DatatypeProperty -> sobrenome([])
--- DatatypeProperty -> primeiroNome([])
--- Axiom -> subClassOf: Pessoa
--- Restriction -> Property: jogaEmTime, someValuesFrom: Time

== Conceito ==
-- Nome: Time
--- DatatypeProperty -> anoFundacao([])
--- DatatypeProperty -> bairro([])
--- DatatypeProperty -> nome([])
--- Axiom -> subClassOf: Thing

== Conceito ==
-- Nome: naoTorcida
--- Axiom -> subClassOf: not Torcida

== Conceito ==
-- Nome: naoTime
--- Axiom -> subClassOf: not Time

== Conceito ==
-- Nome: Pessoa
--- Axiom -> subClassOf: Thing
--- Axiom -> disjointWith: naoTorcida
--- Axiom -> disjointWith: naoTime

== Conceito ==
-- Nome: naoTorcida
--- Axiom -> subClassOf: not Torcida

== Conceito ==
-- Nome: naoTime
--- Axiom -> subClassOf: not Time

== Conceito ==
-- Nome: naoPessoa
--- Axiom -> subClassOf: not Pessoa

== Conceito ==
-- Nome: Patrocinador
--- Axiom -> subClassOf: Thing
--- Axiom -> disjointWith: naoTorcida
--- Axiom -> disjointWith: naoTime
--- Axiom -> disjointWith: naoPessoa
--- Restriction -> Property: patrocina, someValuesFrom: Time

== Conceito ==
-- Nome: Torcedor
--- DatatypeProperty -> alcunha([])
--- Axiom -> subClassOf: Pessoa
--- Restriction -> Property: torcePorTime, someValuesFrom: Time


========= Escrever Conceitos =========
naoTitular(A) :- not Titular(A).
Ex_Jogador(A) :- Jogador(A), naoTitular(A).
naoApelido_Torcida(A) :- not Apelido_Torcida(A).
Apelido_Time(A) :- Apelido(A), naoApelido_Torcida(A), refereseTime(A,B), Time(B).
naoTecnico(A) :- not Tecnico(A).
Presidente(A) :- Funcionario(A), naoTecnico(A), comandaClube(A,B), Time(B).
naoTorcida(A) :- not Torcida(A).
naoTime(A) :- not Time(A).
naoPessoa(A) :- not Pessoa(A).
naoPatrocinador(A) :- not Patrocinador(A).
naoMascote(A) :- not Mascote(A).
naoEstadio(A) :- not Estadio(A).
Apelido(A) :- Thing(A), naoTorcida(A), naoTime(A), naoPessoa(A), naoPatrocinador(A), naoMascote(A), naoEstadio(A).
Torcida(A) :- Thing(A), torcePorTime(A,B), Time(B).
naoTecnico(A) :- not Tecnico(A).
naoPresidente(A) :- not Presidente(A).
Membro_Comissao_Tecnica(A) :- Funcionario(A), naoTecnico(A), naoPresidente(A), trabalhaEm(A,B), Time(B).
naoTorcida(A) :- not Torcida(A).
naoTime(A) :- not Time(A).
naoPessoa(A) :- not Pessoa(A).
naoPatrocinador(A) :- not Patrocinador(A).
Mascote(A) :- Thing(A), naoTorcida(A), naoTime(A), naoPessoa(A), naoPatrocinador(A), simboliza(A,B), Time(B).
Tecnico(A) :- Funcionario(A), trabalhaEm(A,B), Time(B).
Titular(A) :- Jogador(A).
naoTorcida(A) :- not Torcida(A).
naoTime(A) :- not Time(A).
naoPessoa(A) :- not Pessoa(A).
naoPatrocinador(A) :- not Patrocinador(A).
naoMascote(A) :- not Mascote(A).
Estadio(A) :- Thing(A), naoTorcida(A), naoTime(A), naoPessoa(A), naoPatrocinador(A), naoMascote(A), pertenceTime(A,B), Time(B).
naoApelido_Torcida(A) :- not Apelido_Torcida(A).
naoApelido_Time(A) :- not Apelido_Time(A).
Apelido_Pessoa(A) :- Apelido(A), naoApelido_Torcida(A), naoApelido_Time(A), referesePessoa(A,B), Pessoa(B).
Apelido_Torcida(A) :- Apelido(A), refereseTorcida(A,B), Torcida(B).
Funcionario(A) :- Pessoa(A).
Jogador(A) :- Pessoa(A), jogaEmTime(A,B), Time(B).
Time(A) :- Thing(A).
naoTorcida(A) :- not Torcida(A).
naoTime(A) :- not Time(A).
Pessoa(A) :- Thing(A), naoTorcida(A), naoTime(A).
naoTorcida(A) :- not Torcida(A).
naoTime(A) :- not Time(A).
naoPessoa(A) :- not Pessoa(A).
Patrocinador(A) :- Thing(A), naoTorcida(A), naoTime(A), naoPessoa(A), patrocina(A,B), Time(B).
Torcedor(A) :- Pessoa(A), torcePorTime(A,B), Time(B).


========= Escrever Relacionamentos =========
referesePessoa(A,B) :- Apelido_Pessoa(A), Pessoa(B)
refereseTorcida(A,B) :- Apelido_Torcida(A), Torcida(B)
comandaClube(A,B) :- Presidente(A), Time(B)
pertenceTime(A,B) :- Estadio(A), Time(B)
refereseTime(A,B) :- Apelido_Time(A), Time(B)
torcePorTime(A,B) :- Torcedor(A), Time(B)
torcePorTime(A,B) :- Torcida(A), Time(B)
trabalhaEm(A,B) :- Membro_Comissao_Tecnica(A), Time(B)
trabalhaEm(A,B) :- Tecnico(A), Time(B)
simboliza(A,B) :- Mascote(A), Time(B)
jogaEmTime(A,B) :- Jogador(A), Time(B)
patrocina(A,B) :- Patrocinador(A), Time(B)


========= Escrever Exemplos Positivos =========
Apelido_Pessoa(Apelido_Fred)
Torcida(Forca_Jovem)
Ex_Jogador(Magno_Alves)
Apelido_Time(Mengao)
Apelido_Pessoa(Apelido_Washington)
Tecnico(Caio_Junior)
Apelido_Torcida(Forca)
Titular(Egidio)
Patrocinador(BMG)
Titular(Diego_Souza)
Ex_Jogador(Gerson)
Titular(Leo_Moura)
Titular(Rafael_Moura)
Apelido_Pessoa(Apelido_Renato_Gaucho)
Apelido_Pessoa(Apelido_Diguinho)
Titular(Antonio_Carlos)
Apelido_Time(Po_de_Arroz)
Mascote(Manequinho)
Torcedor(Vascaino)
Apelido_Torcida(Rasta)
Apelido_Time(Fogo)
Apelido_Pessoa(Apelido_Gum)
Presidente(Mauricio_Assumpcao)
Titular(Thiago_Galhardo)
Torcedor(Alvinegro)
Titular(Ronaldinho)
Apelido_Torcida(Raca)
Titular(Dede)
Torcida(Torcida_Jovem_Botafogo)
Torcida(Furia_Jovem_do_Botafogo)
Tecnico(Ricardo_Gomes)
Apelido_Torcida(Young)
Mascote(Urubu)
Membro_Comissao_Tecnica(Enderson_Moreira)
Torcida(Rasta_Vasco)
Titular(Fred)
Time(Vasco)
Titular(Ricardo_Berna)
Apelido_Torcida(Mancha)
Torcedor(Cruzmaltino)
Torcida(Urubuzada)
Apelido_Time(Flu)
Presidente(Patricia_Amorim)
Apelido_Pessoa(Apelido_Edinho)
Membro_Comissao_Tecnica(Eduardo_Fontes)
Titular(Gum)
Ex_Jogador(Jairzinho)
Titular(Felipe)
Titular(Arevalo)
Apelido_Pessoa(Apelido_Somalia)
Titular(Loco_Abreu)
Titular(Felipe_Bastos)
Titular(Galhardo)
Apelido_Pessoa(Apelido_Tulio)
Torcida(Raca_Rubro_Negra)
Torcida(Fla_Manguaca)
Titular(Conca)
Ex_Jogador(Zico)
Patrocinador(Olympikus)
Apelido_Pessoa(Apelido_Zico)
Apelido_Pessoa(Apelido_Ronaldinho)
Apelido_Time(Glorioso)
Ex_Jogador(Edmundo)
Apelido_Time(Gigante_da_Coliina)
Torcida(Forca_Flu)
Ex_Jogador(Carlos_Germano)
Ex_Jogador(Roberto_Dinamite)
Titular(Maicossuel)
Apelido_Pessoa(Apelido_Ronaldinho2)
Patrocinador(Guaraviton)
Ex_Jogador(Gilmar)
Titular(Edinho)
Torcedor(Botafoguense)
Torcida(Mancha_Negra)
Apelido_Time(Fla)
Titular(Negueba)
Torcedor(Flamenguista)
Ex_Jogador(Fio_Maravilha)
Titular(Felipe_dos_Santos)
Apelido_Torcida(FJV)
Patrocinador(Eletrobras)
Apelido_Pessoa(Apelido_Deco)
Ex_Jogador(Didi)
Ex_Jogador(Romerito)
Mascote(Almirante)
Ex_Jogador(Rivelino)
Titular(Jefferson)
Titular(Diego_Mauricio)
Ex_Jogador(Romario)
Patrocinador(Penalty)
Apelido_Pessoa(Apelido_Didi)
Ex_Jogador(Cuca)
Ex_Jogador(Nilton_Santos)
Ex_Jogador(Garrincha)
Ex_Jogador(Zagallo)
Ex_Jogador(Washington)
Titular(Fernando_Prass)
Apelido_Time(Bacalhau)
Mascote(Cartola)
Titular(Leandro_Euzebio)
Time(Fluminense)
Ex_Jogador(Pet)
Ex_Jogador(Felix)
Titular(Alecsandro)
Apelido_Pessoa(Apelido_Pet)
Titular(Thiago_Neves)
Tecnico(Vanderlei_Luxemburgo)
Apelido_Pessoa(Apelido_Djalminha)
Torcedor(Tricolor)
Apelido_Pessoa(Apelido_Loco_Abreu)
Titular(Somalia)
Apelido_Pessoa(Apelido_Garrincha)
Titular(Eder_Luis)
Torcida(Torcida_Jovem)
Titular(Diguinho)
Apelido_Pessoa(Apelido_Luxemburgo)
Membro_Comissao_Tecnica(Flavio_Meirelles)
Titular(Herrera)
Apelido_Pessoa(Apelido_Cuca)
Ex_Jogador(Renato_Gaucho)
Mascote(Caravela)
Patrocinador(Havoline)
Mascote(Popeye)
Patrocinador(Adidas)
Estadio(Sao_Januario)
Time(Botafogo)
Time(Flamengo)
Titular(Maldonado)
Torcida(Young_Flu)
Estadio(Engenhao)
Apelido_Pessoa(Apelido_Rafael_Moura)
Titular(Deco)
Apelido_Pessoa(Apelido_Fio_Maravilha)
Ex_Jogador(Tulio)
Apelido_Torcida(Furia)
Torcedor(Rubro_negro)
Apelido_Pessoa(Apelido_Jairzinho)
Titular(Bottinelli)
Tecnico(Abel_Braga)
Tecnico(Leomir_de_Souza)
Ex_Jogador(Djalminha)
Titular(Diego_Cavaliere)
Presidente(Peter_Siemsen)
Patrocinador(Unimed)
Apelido_Torcida(Jovem)
referesePessoa(Apelido_Fred,Fred)
jogaEmTime(Magno_Alves,Fluminense)
refereseTime(Mengao,Flamengo)
referesePessoa(Apelido_Washington,Wasington)
trabalhaEm(Caio_Junior,Botafogo)
refereseTorcida(Forca,Forca_Flu)
refereseTorcida(Forca,Vasco)
jogaEmTime(Egidio,Flamengo)
patrocina(BMG,Vasco)
patrocina(BMG,Flamengo)
jogaEmTime(Diego_Souza,Vasco)
jogaEmTime(Gerson,Botafogo)
jogaEmTime(Leo_Moura,Flamengo)
jogaEmTime(Rafael_Moura,Fluminense)
referesePessoa(Apelido_Renato_Gaucho,Renato_Gaucho)
referesePessoa(Apelido_Diguinho,Diguinho)
jogaEmTime(Antonio_Carlos,Botafogo)
refereseTime(Po_de_Arroz,Fluminense)
simboliza(Manequinho,Botafogo)
torcePorTime(Vascaino,Vasco)
refereseTorcida(Rasta,Rasta_Vasco)
refereseTime(Fogo,Botafogo)
referesePessoa(Apelido_Gum,Gum)
comandaClube(Mauricio_Assumpcao,Botafogo)
jogaEmTime(Thiago_Galhardo,Botafogo)
torcePorTime(Alvinegro,Botafogo)
jogaEmTime(Ronaldinho,Flamengo)
refereseTorcida(Raca,Raca_Rubro_Negra)
jogaEmTime(Dede,Vasco)
trabalhaEm(Ricardo_Gomes,Vasco)
refereseTorcida(Young,Young_Flu)
simboliza(Urubu,Flamengo)
trabalhaEm(Enderson_Moreira,Fluminense)
jogaEmTime(Fred,Fluminense)
jogaEmTime(Ricardo_Berna,Fluminense)
refereseTorcida(Mancha,Mancha_Negra)
torcePorTime(Cruzmaltino,Vasco)
refereseTime(Flu,Fluminense)
comandaClube(Patricia_Amorim,Flamengo)
referesePessoa(Apelido_Edinho,Edinho)
trabalhaEm(Eduardo_Fontes,Botafogo)
jogaEmTime(Gum,Fluminense)
jogaEmTime(Jairzinho,Botafogo)
jogaEmTime(Felipe,Vasco)
jogaEmTime(Arevalo,Botafogo)
referesePessoa(Apelido_Somalia,Somalia)
jogaEmTime(Loco_Abreu,Botafogo)
jogaEmTime(Felipe_Bastos,Vasco)
jogaEmTime(Galhardo,Flamengo)
referesePessoa(Apelido_Tulio,Tulio)
jogaEmTime(Conca,Fluminense)
jogaEmTime(Zico,Flamengo)
patrocina(Olympikus,Flamengo)
referesePessoa(Apelido_Zico,Zico)
referesePessoa(Apelido_Ronaldinho,Ronaldinho)
refereseTime(Glorioso,Botafogo)
jogaEmTime(Edmundo,Flamengo)
jogaEmTime(Edmundo,Vasco)
refereseTime(Gigante_da_Coliina,Vasco)
jogaEmTime(Carlos_Germano,Vasco)
jogaEmTime(Roberto_Dinamite,Vasco)
comandaClube(Roberto_Dinamite,Vasco)
jogaEmTime(Maicossuel,Botafogo)
referesePessoa(Apelido_Ronaldinho2,Ronaldinho)
patrocina(Guaraviton,Botafogo)
jogaEmTime(Gilmar,Flamengo)
jogaEmTime(Edinho,Fluminense)
torcePorTime(Botafoguense,Botafogo)
refereseTime(Fla,Flamengo)
jogaEmTime(Negueba,Flamengo)
torcePorTime(Flamenguista,Flamengo)
jogaEmTime(Fio_Maravilha,Flamengo)
jogaEmTime(Felipe_dos_Santos,Flamengo)
refereseTorcida(FJV,Forca_Jovem)
patrocina(Eletrobras,Vasco)
referesePessoa(Apelido_Deco,Deco)
jogaEmTime(Didi,Fluminense)
jogaEmTime(Didi,Botafogo)
jogaEmTime(Romerito,Fluminense)
simboliza(Almirante,Vasco)
jogaEmTime(Rivelino,Fluminense)
jogaEmTime(Jefferson,Botafogo)
jogaEmTime(Diego_Mauricio,Flamengo)
jogaEmTime(Romario,Flamengo)
jogaEmTime(Romario,Vasco)
patrocina(Penalty,Vasco)
referesePessoa(Apelido_Didi,Didi)
jogaEmTime(Cuca,Fluminense)
jogaEmTime(Nilton_Santos,Botafogo)
jogaEmTime(Garrincha,Flamengo)
jogaEmTime(Zagallo,Botafogo)
jogaEmTime(Zagallo,Flamengo)
jogaEmTime(Washington,Fluminense)
jogaEmTime(Fernando_Prass,Vasco)
refereseTime(Bacalhau,Vasco)
simboliza(Cartola,Fluminense)
jogaEmTime(Leandro_Euzebio,Fluminense)
jogaEmTime(Pet,Flamengo)
jogaEmTime(Felix,Fluminense)
jogaEmTime(Alecsandro,Vasco)
referesePessoa(Apelido_Pet,Pet)
jogaEmTime(Thiago_Neves,Flamengo)
trabalhaEm(Vanderlei_Luxemburgo,Flamengo)
referesePessoa(Apelido_Djalminha,Djalminha)
torcePorTime(Tricolor,Fluminense)
referesePessoa(Apelido_Loco_Abreu,Loco_Abreu)
jogaEmTime(Somalia,Botafogo)
referesePessoa(Apelido_Garrincha,Garrincha)
jogaEmTime(Eder_Luis,Vasco)
jogaEmTime(Diguinho,Fluminense)
referesePessoa(Apelido_Luxemburgo,Vanderlei_Luxemburgo)
trabalhaEm(Flavio_Meirelles,Botafogo)
jogaEmTime(Herrera,Botafogo)
referesePessoa(Apelido_Cuca,Cuca)
jogaEmTime(Renato_Gaucho,Fluminense)
simboliza(Caravela,Vasco)
patrocina(Havoline,Botafogo)
simboliza(Popeye,Flamengo)
patrocina(Adidas,Fluminense)
pertenceTime(Sao_Januario,Vasco)
jogaEmTime(Maldonado,Flamengo)
pertenceTime(Engenhao,Botafogo)
referesePessoa(Apelido_Rafael_Moura,Rafael_Moura)
jogaEmTime(Deco,Fluminense)
referesePessoa(Apelido_Fio_Maravilha,Fio_Maravilha)
jogaEmTime(Tulio,Botafogo)
refereseTorcida(Furia,Furia_Jovem_do_Botafogo)
torcePorTime(Rubro_negro,Flamengo)
referesePessoa(Apelido_Jairzinho,Jairzinho)
jogaEmTime(Bottinelli,Flamengo)
trabalhaEm(Abel_Braga,Fluminense)
jogaEmTime(Djalminha,Flamengo)
jogaEmTime(Diego_Cavaliere,Fluminense)
comandaClube(Peter_Siemsen,Fluminense)
patrocina(Unimed,Fluminense)
refereseTorcida(Jovem,Torcida_Jovem_Botafogo)
refereseTorcida(Jovem,Torcida_Jovem)
refereseTorcida(Jovem,Forca_Jovem)


========= Escrever Object Attributes =========
Presidente([fimMandato([])])
Apelido([nome([])])
Torcida([nome([])])
Mascote([nome([])])
Estadio([nome([])])
Funcionario([sobrenome([]),primeiroNome([])])
Jogador([sobrenome([]),primeiroNome([]),posicaoCampo([])])
Time([bairro([]),anoFundacao([]),nome([])])
Torcedor([alcunha([])])


========= Escrever Exemplos Negativos =========
Ex_Jogador(Ricardo_Berna)
Ex_Jogador(Negueba)
Ex_Jogador(Somalia)
Ex_Jogador(Egidio)
Ex_Jogador(Felipe_dos_Santos)
Ex_Jogador(Diego_Souza)
Ex_Jogador(Eder_Luis)
Ex_Jogador(Diguinho)
Ex_Jogador(Gum)
Ex_Jogador(Herrera)
Ex_Jogador(Leo_Moura)
Ex_Jogador(Rafael_Moura)
Ex_Jogador(Felipe)
Ex_Jogador(Arevalo)
Ex_Jogador(Jefferson)
Ex_Jogador(Felipe_Bastos)
Ex_Jogador(Loco_Abreu)
Ex_Jogador(Diego_Mauricio)
Ex_Jogador(Antonio_Carlos)
Ex_Jogador(Galhardo)
Ex_Jogador(Maldonado)
Ex_Jogador(Deco)
Ex_Jogador(Fernando_Prass)
Ex_Jogador(Conca)
Ex_Jogador(Thiago_Galhardo)
Ex_Jogador(Ronaldinho)
Ex_Jogador(Bottinelli)
Ex_Jogador(Dede)
Ex_Jogador(Leandro_Euzebio)
Ex_Jogador(Diego_Cavaliere)
Ex_Jogador(Maicossuel)
Ex_Jogador(Alecsandro)
Ex_Jogador(Thiago_Neves)
Ex_Jogador(Edinho)
Ex_Jogador(Fred)
Titular(Zagallo)
Titular(Tulio)
Titular(Washington)
Titular(Magno_Alves)
Titular(Zico)
Titular(Fio_Maravilha)
Titular(Gerson)
Titular(Edmundo)
Titular(Pet)
Titular(Djalminha)
Titular(Felix)
Titular(Didi)
Titular(Jairzinho)
Titular(Carlos_Germano)
Titular(Romerito)
Titular(Rivelino)
Titular(Roberto_Dinamite)
Titular(Renato_Gaucho)
Titular(Romario)
Titular(Gilmar)
Titular(Garrincha)
Titular(Nilton_Santos)
Titular(Cuca)
Apelido_Time(FJV)
Apelido_Time(Mancha)
Apelido_Time(Furia)
Apelido_Time(Rasta)
Apelido_Time(Forca)
Apelido_Time(Young)
Apelido_Time(Raca)
Apelido_Time(Jovem)
Apelido_Torcida(Fla)
Apelido_Torcida(Gigante_da_Coliina)
Apelido_Torcida(Mengao)
Apelido_Torcida(Fogo)
Apelido_Torcida(Bacalhau)
Apelido_Torcida(Flu)
Apelido_Torcida(Po_de_Arroz)
Apelido_Torcida(Glorioso)
Presidente(Leomir_de_Souza)
Presidente(Ricardo_Gomes)
Presidente(Caio_Junior)
Presidente(Vanderlei_Luxemburgo)
Presidente(Abel_Braga)
Tecnico(Peter_Siemsen)
Tecnico(Roberto_Dinamite)
Tecnico(Mauricio_Assumpcao)
Tecnico(Patricia_Amorim)
Apelido(Torcida_Jovem_Botafogo)
Apelido(Torcida_Jovem)
Apelido(Raca_Rubro_Negra)
Apelido(Furia_Jovem_do_Botafogo)
Apelido(Forca_Jovem)
Apelido(Fla_Manguaca)
Apelido(Forca_Flu)
Apelido(Urubuzada)
Apelido(Mancha_Negra)
Apelido(Young_Flu)
Apelido(Rasta_Vasco)
Apelido(Vasco)
Apelido(Botafogo)
Apelido(Flamengo)
Apelido(Fluminense)
Apelido(Eletrobras)
Apelido(Havoline)
Apelido(Adidas)
Apelido(Guaraviton)
Apelido(Penalty)
Apelido(Olympikus)
Apelido(Unimed)
Apelido(BMG)
Apelido(Almirante)
Apelido(Caravela)
Apelido(Popeye)
Apelido(Urubu)
Apelido(Cartola)
Apelido(Manequinho)
Apelido(Sao_Januario)
Apelido(Engenhao)
Membro_Comissao_Tecnica(Leomir_de_Souza)
Membro_Comissao_Tecnica(Ricardo_Gomes)
Membro_Comissao_Tecnica(Caio_Junior)
Membro_Comissao_Tecnica(Vanderlei_Luxemburgo)
Membro_Comissao_Tecnica(Abel_Braga)
Tecnico(Eduardo_Fontes)
Tecnico(Flavio_Meirelles)
Tecnico(Enderson_Moreira)
Membro_Comissao_Tecnica(Peter_Siemsen)
Membro_Comissao_Tecnica(Roberto_Dinamite)
Membro_Comissao_Tecnica(Mauricio_Assumpcao)
Membro_Comissao_Tecnica(Patricia_Amorim)
Presidente(Eduardo_Fontes)
Presidente(Flavio_Meirelles)
Presidente(Enderson_Moreira)
Mascote(Torcida_Jovem_Botafogo)
Mascote(Torcida_Jovem)
Mascote(Raca_Rubro_Negra)
Mascote(Furia_Jovem_do_Botafogo)
Mascote(Forca_Jovem)
Mascote(Fla_Manguaca)
Mascote(Forca_Flu)
Mascote(Urubuzada)
Mascote(Mancha_Negra)
Mascote(Young_Flu)
Mascote(Rasta_Vasco)
Torcida(Almirante)
Torcida(Caravela)
Torcida(Popeye)
Torcida(Urubu)
Torcida(Cartola)
Torcida(Manequinho)
Mascote(Vasco)
Mascote(Botafogo)
Mascote(Flamengo)
Mascote(Fluminense)
Time(Almirante)
Time(Caravela)
Time(Popeye)
Time(Urubu)
Time(Cartola)
Time(Manequinho)
Pessoa(Almirante)
Pessoa(Caravela)
Pessoa(Popeye)
Pessoa(Urubu)
Pessoa(Cartola)
Pessoa(Manequinho)
Mascote(Eletrobras)
Mascote(Havoline)
Mascote(Adidas)
Mascote(Guaraviton)
Mascote(Penalty)
Mascote(Olympikus)
Mascote(Unimed)
Mascote(BMG)
Patrocinador(Almirante)
Patrocinador(Caravela)
Patrocinador(Popeye)
Patrocinador(Urubu)
Patrocinador(Cartola)
Patrocinador(Manequinho)
Estadio(Torcida_Jovem_Botafogo)
Estadio(Torcida_Jovem)
Estadio(Raca_Rubro_Negra)
Estadio(Furia_Jovem_do_Botafogo)
Estadio(Forca_Jovem)
Estadio(Fla_Manguaca)
Estadio(Forca_Flu)
Estadio(Urubuzada)
Estadio(Mancha_Negra)
Estadio(Young_Flu)
Estadio(Rasta_Vasco)
Torcida(Sao_Januario)
Torcida(Engenhao)
Estadio(Vasco)
Estadio(Botafogo)
Estadio(Flamengo)
Estadio(Fluminense)
Time(Sao_Januario)
Time(Engenhao)
Pessoa(Sao_Januario)
Pessoa(Engenhao)
Estadio(Eletrobras)
Estadio(Havoline)
Estadio(Adidas)
Estadio(Guaraviton)
Estadio(Penalty)
Estadio(Olympikus)
Estadio(Unimed)
Estadio(BMG)
Patrocinador(Sao_Januario)
Patrocinador(Engenhao)
Estadio(Almirante)
Estadio(Caravela)
Estadio(Popeye)
Estadio(Urubu)
Estadio(Cartola)
Estadio(Manequinho)
Mascote(Sao_Januario)
Mascote(Engenhao)
Apelido_Pessoa(FJV)
Apelido_Pessoa(Mancha)
Apelido_Pessoa(Furia)
Apelido_Pessoa(Rasta)
Apelido_Pessoa(Forca)
Apelido_Pessoa(Young)
Apelido_Pessoa(Raca)
Apelido_Pessoa(Jovem)
Apelido_Torcida(Apelido_Fio_Maravilha)
Apelido_Torcida(Apelido_Fred)
Apelido_Torcida(Apelido_Djalminha)
Apelido_Torcida(Apelido_Loco_Abreu)
Apelido_Torcida(Apelido_Washington)
Apelido_Torcida(Apelido_Gum)
Apelido_Torcida(Apelido_Jairzinho)
Apelido_Torcida(Apelido_Garrincha)
Apelido_Torcida(Apelido_Zico)
Apelido_Torcida(Apelido_Ronaldinho)
Apelido_Torcida(Apelido_Luxemburgo)
Apelido_Torcida(Apelido_Edinho)
Apelido_Torcida(Apelido_Deco)
Apelido_Torcida(Apelido_Cuca)
Apelido_Torcida(Apelido_Pet)
Apelido_Torcida(Apelido_Somalia)
Apelido_Torcida(Apelido_Ronaldinho2)
Apelido_Torcida(Apelido_Renato_Gaucho)
Apelido_Torcida(Apelido_Tulio)
Apelido_Torcida(Apelido_Diguinho)
Apelido_Torcida(Apelido_Didi)
Apelido_Torcida(Apelido_Rafael_Moura)
Apelido_Pessoa(Fla)
Apelido_Pessoa(Gigante_da_Coliina)
Apelido_Pessoa(Mengao)
Apelido_Pessoa(Fogo)
Apelido_Pessoa(Bacalhau)
Apelido_Pessoa(Flu)
Apelido_Pessoa(Po_de_Arroz)
Apelido_Pessoa(Glorioso)
Apelido_Time(Apelido_Fio_Maravilha)
Apelido_Time(Apelido_Fred)
Apelido_Time(Apelido_Djalminha)
Apelido_Time(Apelido_Loco_Abreu)
Apelido_Time(Apelido_Washington)
Apelido_Time(Apelido_Gum)
Apelido_Time(Apelido_Jairzinho)
Apelido_Time(Apelido_Garrincha)
Apelido_Time(Apelido_Zico)
Apelido_Time(Apelido_Ronaldinho)
Apelido_Time(Apelido_Luxemburgo)
Apelido_Time(Apelido_Edinho)
Apelido_Time(Apelido_Deco)
Apelido_Time(Apelido_Cuca)
Apelido_Time(Apelido_Pet)
Apelido_Time(Apelido_Somalia)
Apelido_Time(Apelido_Ronaldinho2)
Apelido_Time(Apelido_Renato_Gaucho)
Apelido_Time(Apelido_Tulio)
Apelido_Time(Apelido_Diguinho)
Apelido_Time(Apelido_Didi)
Apelido_Time(Apelido_Rafael_Moura)
Pessoa(Torcida_Jovem_Botafogo)
Pessoa(Torcida_Jovem)
Pessoa(Raca_Rubro_Negra)
Pessoa(Furia_Jovem_do_Botafogo)
Pessoa(Forca_Jovem)
Pessoa(Fla_Manguaca)
Pessoa(Forca_Flu)
Pessoa(Urubuzada)
Pessoa(Mancha_Negra)
Pessoa(Young_Flu)
Pessoa(Rasta_Vasco)
Pessoa(Vasco)
Pessoa(Botafogo)
Pessoa(Flamengo)
Pessoa(Fluminense)
Patrocinador(Torcida_Jovem_Botafogo)
Patrocinador(Torcida_Jovem)
Patrocinador(Raca_Rubro_Negra)
Patrocinador(Furia_Jovem_do_Botafogo)
Patrocinador(Forca_Jovem)
Patrocinador(Fla_Manguaca)
Patrocinador(Forca_Flu)
Patrocinador(Urubuzada)
Patrocinador(Mancha_Negra)
Patrocinador(Young_Flu)
Patrocinador(Rasta_Vasco)
Torcida(Eletrobras)
Torcida(Havoline)
Torcida(Adidas)
Torcida(Guaraviton)
Torcida(Penalty)
Torcida(Olympikus)
Torcida(Unimed)
Torcida(BMG)
Patrocinador(Vasco)
Patrocinador(Botafogo)
Patrocinador(Flamengo)
Patrocinador(Fluminense)
Time(Eletrobras)
Time(Havoline)
Time(Adidas)
Time(Guaraviton)
Time(Penalty)
Time(Olympikus)
Time(Unimed)
Time(BMG)
Pessoa(Eletrobras)
Pessoa(Havoline)
Pessoa(Adidas)
Pessoa(Guaraviton)
Pessoa(Penalty)
Pessoa(Olympikus)
Pessoa(Unimed)
Pessoa(BMG)
]]></system-out>
  <system-err><![CDATA[]]></system-err>
</testsuite>
